<?xml version="1.0" encoding="UTF-8"?>
<coverage generated="1741953116072" clover="3.2.0">
  <project timestamp="1741953116072" name="All files">
    <metrics statements="1576" coveredstatements="1156" conditionals="125" coveredconditionals="58" methods="14" coveredmethods="5" elements="1715" coveredelements="1219" complexity="0" loc="1576" ncloc="1576" packages="3" files="10" classes="10"/>
    <package name="my-react-app">
      <metrics statements="11" coveredstatements="0" conditionals="1" coveredconditionals="0" methods="1" coveredmethods="0"/>
      <file name="tailwind.config.js" path="C:\Users\Wey\Documents\GitHub\Project1\my-react-app\tailwind.config.js">
        <metrics statements="11" coveredstatements="0" conditionals="1" coveredconditionals="0" methods="1" coveredmethods="0"/>
        <line num="1" count="0" type="cond" truecount="0" falsecount="1"/>
        <line num="2" count="0" type="stmt"/>
        <line num="3" count="0" type="stmt"/>
        <line num="4" count="0" type="stmt"/>
        <line num="5" count="0" type="stmt"/>
        <line num="6" count="0" type="stmt"/>
        <line num="7" count="0" type="stmt"/>
        <line num="8" count="0" type="stmt"/>
        <line num="9" count="0" type="stmt"/>
        <line num="10" count="0" type="stmt"/>
        <line num="11" count="0" type="stmt"/>
      </file>
    </package>
    <package name="my-react-app.src">
      <metrics statements="1470" coveredstatements="1062" conditionals="122" coveredconditionals="57" methods="12" coveredmethods="4"/>
      <file name="App.jsx" path="C:\Users\Wey\Documents\GitHub\Project1\my-react-app\src\App.jsx">
        <metrics statements="42" coveredstatements="0" conditionals="1" coveredconditionals="0" methods="1" coveredmethods="0"/>
        <line num="1" count="0" type="cond" truecount="0" falsecount="1"/>
        <line num="2" count="0" type="stmt"/>
        <line num="3" count="0" type="stmt"/>
        <line num="4" count="0" type="stmt"/>
        <line num="5" count="0" type="stmt"/>
        <line num="6" count="0" type="stmt"/>
        <line num="7" count="0" type="stmt"/>
        <line num="9" count="0" type="stmt"/>
        <line num="10" count="0" type="stmt"/>
        <line num="11" count="0" type="stmt"/>
        <line num="12" count="0" type="stmt"/>
        <line num="15" count="0" type="stmt"/>
        <line num="17" count="0" type="stmt"/>
        <line num="18" count="0" type="stmt"/>
        <line num="19" count="0" type="stmt"/>
        <line num="20" count="0" type="stmt"/>
        <line num="21" count="0" type="stmt"/>
        <line num="22" count="0" type="stmt"/>
        <line num="23" count="0" type="stmt"/>
        <line num="25" count="0" type="stmt"/>
        <line num="26" count="0" type="stmt"/>
        <line num="27" count="0" type="stmt"/>
        <line num="28" count="0" type="stmt"/>
        <line num="29" count="0" type="stmt"/>
        <line num="30" count="0" type="stmt"/>
        <line num="32" count="0" type="stmt"/>
        <line num="33" count="0" type="stmt"/>
        <line num="34" count="0" type="stmt"/>
        <line num="35" count="0" type="stmt"/>
        <line num="36" count="0" type="stmt"/>
        <line num="37" count="0" type="stmt"/>
        <line num="38" count="0" type="stmt"/>
        <line num="39" count="0" type="stmt"/>
        <line num="40" count="0" type="stmt"/>
        <line num="41" count="0" type="stmt"/>
        <line num="42" count="0" type="stmt"/>
        <line num="44" count="0" type="stmt"/>
        <line num="45" count="0" type="stmt"/>
        <line num="46" count="0" type="stmt"/>
        <line num="47" count="0" type="stmt"/>
        <line num="49" count="0" type="stmt"/>
        <line num="51" count="0" type="stmt"/>
      </file>
      <file name="CombinedComponent.jsx" path="C:\Users\Wey\Documents\GitHub\Project1\my-react-app\src\CombinedComponent.jsx">
        <metrics statements="42" coveredstatements="0" conditionals="1" coveredconditionals="0" methods="1" coveredmethods="0"/>
        <line num="1" count="0" type="cond" truecount="0" falsecount="1"/>
        <line num="2" count="0" type="stmt"/>
        <line num="3" count="0" type="stmt"/>
        <line num="4" count="0" type="stmt"/>
        <line num="5" count="0" type="stmt"/>
        <line num="6" count="0" type="stmt"/>
        <line num="7" count="0" type="stmt"/>
        <line num="9" count="0" type="stmt"/>
        <line num="10" count="0" type="stmt"/>
        <line num="11" count="0" type="stmt"/>
        <line num="12" count="0" type="stmt"/>
        <line num="13" count="0" type="stmt"/>
        <line num="15" count="0" type="stmt"/>
        <line num="17" count="0" type="stmt"/>
        <line num="18" count="0" type="stmt"/>
        <line num="19" count="0" type="stmt"/>
        <line num="20" count="0" type="stmt"/>
        <line num="21" count="0" type="stmt"/>
        <line num="22" count="0" type="stmt"/>
        <line num="23" count="0" type="stmt"/>
        <line num="24" count="0" type="stmt"/>
        <line num="25" count="0" type="stmt"/>
        <line num="26" count="0" type="stmt"/>
        <line num="27" count="0" type="stmt"/>
        <line num="28" count="0" type="stmt"/>
        <line num="29" count="0" type="stmt"/>
        <line num="30" count="0" type="stmt"/>
        <line num="31" count="0" type="stmt"/>
        <line num="32" count="0" type="stmt"/>
        <line num="34" count="0" type="stmt"/>
        <line num="35" count="0" type="stmt"/>
        <line num="36" count="0" type="stmt"/>
        <line num="37" count="0" type="stmt"/>
        <line num="38" count="0" type="stmt"/>
        <line num="40" count="0" type="stmt"/>
        <line num="41" count="0" type="stmt"/>
        <line num="42" count="0" type="stmt"/>
        <line num="43" count="0" type="stmt"/>
        <line num="44" count="0" type="stmt"/>
        <line num="46" count="0" type="stmt"/>
        <line num="48" count="0" type="stmt"/>
        <line num="50" count="0" type="stmt"/>
      </file>
      <file name="Form.jsx" path="C:\Users\Wey\Documents\GitHub\Project1\my-react-app\src\Form.jsx">
        <metrics statements="1107" coveredstatements="1062" conditionals="115" coveredconditionals="57" methods="5" coveredmethods="4"/>
        <line num="1" count="1" type="stmt"/>
        <line num="2" count="1" type="stmt"/>
        <line num="3" count="1" type="stmt"/>
        <line num="4" count="1" type="stmt"/>
        <line num="5" count="1" type="stmt"/>
        <line num="7" count="1" type="stmt"/>
        <line num="8" count="18" type="cond" truecount="1" falsecount="0"/>
        <line num="9" count="18" type="stmt"/>
        <line num="10" count="18" type="stmt"/>
        <line num="11" count="18" type="stmt"/>
        <line num="12" count="18" type="stmt"/>
        <line num="13" count="18" type="stmt"/>
        <line num="14" count="18" type="stmt"/>
        <line num="15" count="18" type="stmt"/>
        <line num="16" count="18" type="stmt"/>
        <line num="17" count="18" type="stmt"/>
        <line num="18" count="18" type="stmt"/>
        <line num="19" count="18" type="stmt"/>
        <line num="20" count="18" type="stmt"/>
        <line num="21" count="18" type="stmt"/>
        <line num="22" count="18" type="stmt"/>
        <line num="23" count="18" type="stmt"/>
        <line num="25" count="18" type="stmt"/>
        <line num="26" count="18" type="stmt"/>
        <line num="27" count="18" type="stmt"/>
        <line num="28" count="18" type="stmt"/>
        <line num="29" count="18" type="stmt"/>
        <line num="31" count="18" type="cond" truecount="1" falsecount="0"/>
        <line num="32" count="13" type="stmt"/>
        <line num="33" count="13" type="cond" truecount="1" falsecount="0"/>
        <line num="34" count="2" type="cond" truecount="1" falsecount="0"/>
        <line num="35" count="2" type="stmt"/>
        <line num="36" count="2" type="cond" truecount="0" falsecount="1"/>
        <line num="37" count="0" type="stmt"/>
        <line num="38" count="2" type="stmt"/>
        <line num="39" count="2" type="stmt"/>
        <line num="40" count="13" type="cond" truecount="1" falsecount="0"/>
        <line num="41" count="11" type="cond" truecount="1" falsecount="0"/>
        <line num="42" count="11" type="stmt"/>
        <line num="43" count="13" type="stmt"/>
        <line num="45" count="18" type="cond" truecount="1" falsecount="0"/>
        <line num="46" count="2" type="stmt"/>
        <line num="47" count="2" type="cond" truecount="1" falsecount="0"/>
        <line num="48" count="1" type="cond" truecount="1" falsecount="0"/>
        <line num="49" count="1" type="cond" truecount="1" falsecount="0"/>
        <line num="50" count="1" type="cond" truecount="1" falsecount="0"/>
        <line num="51" count="1" type="cond" truecount="1" falsecount="0"/>
        <line num="52" count="1" type="cond" truecount="1" falsecount="0"/>
        <line num="53" count="1" type="cond" truecount="1" falsecount="0"/>
        <line num="54" count="1" type="cond" truecount="1" falsecount="0"/>
        <line num="55" count="1" type="cond" truecount="1" falsecount="0"/>
        <line num="56" count="1" type="cond" truecount="1" falsecount="0"/>
        <line num="57" count="1" type="cond" truecount="1" falsecount="0"/>
        <line num="58" count="1" type="cond" truecount="1" falsecount="0"/>
        <line num="59" count="1" type="stmt"/>
        <line num="60" count="2" type="cond" truecount="1" falsecount="0"/>
        <line num="61" count="1" type="stmt"/>
        <line num="62" count="1" type="stmt"/>
        <line num="63" count="1" type="stmt"/>
        <line num="64" count="1" type="stmt"/>
        <line num="65" count="2" type="stmt"/>
        <line num="66" count="18" type="cond" truecount="1" falsecount="0"/>
        <line num="67" count="2" type="stmt"/>
        <line num="69" count="2" type="stmt"/>
        <line num="70" count="2" type="cond" truecount="2" falsecount="0"/>
        <line num="71" count="2" type="cond" truecount="0" falsecount="1"/>
        <line num="72" count="2" type="cond" truecount="0" falsecount="1"/>
        <line num="73" count="2" type="cond" truecount="2" falsecount="0"/>
        <line num="74" count="2" type="cond" truecount="0" falsecount="1"/>
        <line num="75" count="2" type="cond" truecount="0" falsecount="1"/>
        <line num="76" count="2" type="cond" truecount="0" falsecount="1"/>
        <line num="77" count="2" type="cond" truecount="0" falsecount="1"/>
        <line num="78" count="2" type="cond" truecount="0" falsecount="1"/>
        <line num="79" count="2" type="cond" truecount="2" falsecount="0"/>
        <line num="80" count="2" type="cond" truecount="0" falsecount="1"/>
        <line num="81" count="2" type="cond" truecount="0" falsecount="1"/>
        <line num="82" count="2" type="cond" truecount="0" falsecount="1"/>
        <line num="83" count="2" type="cond" truecount="2" falsecount="0"/>
        <line num="84" count="2" type="cond" truecount="0" falsecount="1"/>
        <line num="85" count="2" type="cond" truecount="0" falsecount="1"/>
        <line num="86" count="2" type="cond" truecount="0" falsecount="1"/>
        <line num="87" count="2" type="cond" truecount="0" falsecount="1"/>
        <line num="88" count="2" type="cond" truecount="0" falsecount="1"/>
        <line num="89" count="2" type="cond" truecount="2" falsecount="0"/>
        <line num="90" count="2" type="cond" truecount="0" falsecount="1"/>
        <line num="91" count="2" type="cond" truecount="0" falsecount="1"/>
        <line num="92" count="2" type="cond" truecount="0" falsecount="1"/>
        <line num="93" count="2" type="cond" truecount="0" falsecount="1"/>
        <line num="94" count="2" type="cond" truecount="0" falsecount="1"/>
        <line num="95" count="2" type="stmt"/>
        <line num="96" count="2" type="stmt"/>
        <line num="97" count="2" type="cond" truecount="1" falsecount="0"/>
        <line num="98" count="1" type="cond" truecount="1" falsecount="0"/>
        <line num="99" count="1" type="stmt"/>
        <line num="100" count="2" type="cond" truecount="0" falsecount="1"/>
        <line num="101" count="0" type="stmt"/>
        <line num="102" count="2" type="stmt"/>
        <line num="103" count="2" type="cond" truecount="0" falsecount="1"/>
        <line num="104" count="0" type="stmt"/>
        <line num="105" count="2" type="stmt"/>
        <line num="106" count="2" type="cond" truecount="0" falsecount="1"/>
        <line num="107" count="0" type="stmt"/>
        <line num="108" count="2" type="stmt"/>
        <line num="109" count="2" type="stmt"/>
        <line num="110" count="2" type="stmt"/>
        <line num="111" count="2" type="cond" truecount="0" falsecount="1"/>
        <line num="112" count="0" type="stmt"/>
        <line num="113" count="2" type="stmt"/>
        <line num="114" count="2" type="cond" truecount="0" falsecount="1"/>
        <line num="115" count="0" type="stmt"/>
        <line num="116" count="2" type="stmt"/>
        <line num="117" count="2" type="cond" truecount="0" falsecount="1"/>
        <line num="118" count="0" type="stmt"/>
        <line num="119" count="2" type="stmt"/>
        <line num="120" count="2" type="cond" truecount="0" falsecount="1"/>
        <line num="121" count="0" type="stmt"/>
        <line num="122" count="2" type="stmt"/>
        <line num="123" count="2" type="cond" truecount="0" falsecount="1"/>
        <line num="124" count="0" type="stmt"/>
        <line num="125" count="2" type="stmt"/>
        <line num="126" count="2" type="cond" truecount="0" falsecount="1"/>
        <line num="127" count="0" type="stmt"/>
        <line num="128" count="2" type="stmt"/>
        <line num="129" count="2" type="stmt"/>
        <line num="130" count="2" type="cond" truecount="2" falsecount="0"/>
        <line num="131" count="2" type="stmt"/>
        <line num="132" count="2" type="cond" truecount="0" falsecount="1"/>
        <line num="133" count="2" type="stmt"/>
        <line num="134" count="2" type="cond" truecount="0" falsecount="1"/>
        <line num="135" count="2" type="stmt"/>
        <line num="136" count="2" type="cond" truecount="0" falsecount="1"/>
        <line num="137" count="2" type="stmt"/>
        <line num="138" count="2" type="cond" truecount="0" falsecount="1"/>
        <line num="139" count="2" type="stmt"/>
        <line num="140" count="2" type="cond" truecount="0" falsecount="1"/>
        <line num="141" count="2" type="stmt"/>
        <line num="142" count="2" type="cond" truecount="2" falsecount="0"/>
        <line num="143" count="2" type="stmt"/>
        <line num="144" count="2" type="cond" truecount="0" falsecount="1"/>
        <line num="145" count="2" type="stmt"/>
        <line num="146" count="2" type="cond" truecount="0" falsecount="1"/>
        <line num="147" count="2" type="stmt"/>
        <line num="148" count="2" type="cond" truecount="0" falsecount="1"/>
        <line num="149" count="2" type="stmt"/>
        <line num="150" count="2" type="cond" truecount="2" falsecount="0"/>
        <line num="151" count="2" type="stmt"/>
        <line num="152" count="2" type="cond" truecount="0" falsecount="1"/>
        <line num="153" count="2" type="stmt"/>
        <line num="154" count="2" type="cond" truecount="0" falsecount="1"/>
        <line num="155" count="2" type="stmt"/>
        <line num="156" count="2" type="cond" truecount="2" falsecount="0"/>
        <line num="157" count="2" type="stmt"/>
        <line num="158" count="2" type="cond" truecount="0" falsecount="1"/>
        <line num="159" count="2" type="stmt"/>
        <line num="160" count="2" type="cond" truecount="0" falsecount="1"/>
        <line num="161" count="2" type="stmt"/>
        <line num="162" count="2" type="cond" truecount="2" falsecount="0"/>
        <line num="163" count="2" type="stmt"/>
        <line num="164" count="2" type="cond" truecount="0" falsecount="1"/>
        <line num="165" count="2" type="stmt"/>
        <line num="166" count="2" type="cond" truecount="0" falsecount="1"/>
        <line num="167" count="2" type="stmt"/>
        <line num="168" count="2" type="cond" truecount="0" falsecount="1"/>
        <line num="169" count="2" type="stmt"/>
        <line num="170" count="2" type="cond" truecount="0" falsecount="1"/>
        <line num="171" count="2" type="stmt"/>
        <line num="172" count="2" type="stmt"/>
        <line num="173" count="2" type="cond" truecount="1" falsecount="0"/>
        <line num="174" count="1" type="cond" truecount="1" falsecount="0"/>
        <line num="175" count="1" type="stmt"/>
        <line num="176" count="2" type="stmt"/>
        <line num="177" count="2" type="cond" truecount="0" falsecount="1"/>
        <line num="178" count="0" type="stmt"/>
        <line num="179" count="2" type="stmt"/>
        <line num="180" count="2" type="stmt"/>
        <line num="181" count="2" type="stmt"/>
        <line num="182" count="2" type="cond" truecount="0" falsecount="1"/>
        <line num="183" count="0" type="stmt"/>
        <line num="184" count="2" type="stmt"/>
        <line num="185" count="2" type="stmt"/>
        <line num="186" count="2" type="stmt"/>
        <line num="187" count="2" type="cond" truecount="0" falsecount="1"/>
        <line num="188" count="0" type="stmt"/>
        <line num="189" count="2" type="stmt"/>
        <line num="190" count="2" type="stmt"/>
        <line num="191" count="2" type="cond" truecount="2" falsecount="0"/>
        <line num="192" count="2" type="stmt"/>
        <line num="193" count="2" type="cond" truecount="0" falsecount="1"/>
        <line num="194" count="2" type="stmt"/>
        <line num="195" count="2" type="cond" truecount="0" falsecount="1"/>
        <line num="196" count="2" type="stmt"/>
        <line num="197" count="2" type="cond" truecount="0" falsecount="1"/>
        <line num="198" count="2" type="stmt"/>
        <line num="199" count="2" type="cond" truecount="0" falsecount="1"/>
        <line num="200" count="2" type="stmt"/>
        <line num="201" count="2" type="cond" truecount="0" falsecount="1"/>
        <line num="202" count="2" type="stmt"/>
        <line num="203" count="2" type="cond" truecount="1" falsecount="0"/>
        <line num="204" count="1" type="stmt"/>
        <line num="205" count="1" type="stmt"/>
        <line num="206" count="1" type="stmt"/>
        <line num="207" count="1" type="stmt"/>
        <line num="209" count="1" type="stmt"/>
        <line num="210" count="1" type="stmt"/>
        <line num="211" count="1" type="stmt"/>
        <line num="212" count="1" type="stmt"/>
        <line num="213" count="1" type="stmt"/>
        <line num="214" count="1" type="stmt"/>
        <line num="215" count="1" type="stmt"/>
        <line num="216" count="1" type="stmt"/>
        <line num="218" count="2" type="cond" truecount="0" falsecount="1"/>
        <line num="219" count="0" type="stmt"/>
        <line num="220" count="0" type="cond" truecount="1" falsecount="0"/>
        <line num="222" count="1" type="stmt"/>
        <line num="223" count="1" type="stmt"/>
        <line num="224" count="1" type="stmt"/>
        <line num="225" count="1" type="stmt"/>
        <line num="226" count="2" type="cond" truecount="0" falsecount="1"/>
        <line num="227" count="0" type="stmt"/>
        <line num="228" count="0" type="stmt"/>
        <line num="230" count="0" type="stmt"/>
        <line num="232" count="0" type="stmt"/>
        <line num="233" count="0" type="stmt"/>
        <line num="234" count="0" type="stmt"/>
        <line num="236" count="0" type="stmt"/>
        <line num="237" count="0" type="stmt"/>
        <line num="239" count="0" type="stmt"/>
        <line num="240" count="0" type="stmt"/>
        <line num="241" count="0" type="stmt"/>
        <line num="242" count="0" type="stmt"/>
        <line num="243" count="2" type="cond" truecount="1" falsecount="0"/>
        <line num="244" count="1" type="stmt"/>
        <line num="245" count="1" type="stmt"/>
        <line num="246" count="2" type="stmt"/>
        <line num="248" count="18" type="stmt"/>
        <line num="249" count="0" type="stmt"/>
        <line num="250" count="0" type="stmt"/>
        <line num="251" count="0" type="stmt"/>
        <line num="252" count="0" type="stmt"/>
        <line num="254" count="18" type="stmt"/>
        <line num="255" count="18" type="stmt"/>
        <line num="256" count="18" type="stmt"/>
        <line num="257" count="18" type="cond" truecount="1" falsecount="0"/>
        <line num="258" count="17" type="stmt"/>
        <line num="259" count="17" type="stmt"/>
        <line num="260" count="17" type="stmt"/>
        <line num="261" count="17" type="stmt"/>
        <line num="262" count="17" type="stmt"/>
        <line num="263" count="17" type="stmt"/>
        <line num="265" count="17" type="stmt"/>
        <line num="266" count="17" type="stmt"/>
        <line num="267" count="17" type="stmt"/>
        <line num="268" count="17" type="stmt"/>
        <line num="269" count="17" type="stmt"/>
        <line num="270" count="17" type="stmt"/>
        <line num="272" count="17" type="stmt"/>
        <line num="273" count="17" type="stmt"/>
        <line num="274" count="17" type="stmt"/>
        <line num="275" count="17" type="stmt"/>
        <line num="276" count="17" type="stmt"/>
        <line num="277" count="17" type="stmt"/>
        <line num="279" count="17" type="stmt"/>
        <line num="280" count="17" type="stmt"/>
        <line num="281" count="17" type="stmt"/>
        <line num="282" count="17" type="stmt"/>
        <line num="283" count="17" type="stmt"/>
        <line num="284" count="17" type="stmt"/>
        <line num="286" count="17" type="stmt"/>
        <line num="287" count="17" type="stmt"/>
        <line num="289" count="17" type="stmt"/>
        <line num="290" count="17" type="stmt"/>
        <line num="291" count="17" type="stmt"/>
        <line num="292" count="17" type="stmt"/>
        <line num="293" count="17" type="stmt"/>
        <line num="294" count="17" type="stmt"/>
        <line num="295" count="17" type="stmt"/>
        <line num="296" count="17" type="stmt"/>
        <line num="297" count="17" type="stmt"/>
        <line num="298" count="17" type="stmt"/>
        <line num="299" count="17" type="stmt"/>
        <line num="300" count="17" type="stmt"/>
        <line num="302" count="17" type="stmt"/>
        <line num="303" count="17" type="stmt"/>
        <line num="304" count="17" type="stmt"/>
        <line num="305" count="17" type="stmt"/>
        <line num="306" count="17" type="stmt"/>
        <line num="307" count="17" type="stmt"/>
        <line num="308" count="17" type="stmt"/>
        <line num="309" count="17" type="stmt"/>
        <line num="310" count="17" type="stmt"/>
        <line num="311" count="17" type="stmt"/>
        <line num="312" count="17" type="stmt"/>
        <line num="313" count="17" type="stmt"/>
        <line num="315" count="17" type="stmt"/>
        <line num="316" count="17" type="stmt"/>
        <line num="317" count="17" type="stmt"/>
        <line num="318" count="17" type="stmt"/>
        <line num="319" count="17" type="stmt"/>
        <line num="320" count="17" type="stmt"/>
        <line num="321" count="17" type="stmt"/>
        <line num="322" count="17" type="stmt"/>
        <line num="323" count="17" type="stmt"/>
        <line num="324" count="17" type="stmt"/>
        <line num="325" count="17" type="stmt"/>
        <line num="326" count="17" type="stmt"/>
        <line num="328" count="17" type="stmt"/>
        <line num="329" count="17" type="stmt"/>
        <line num="330" count="17" type="stmt"/>
        <line num="331" count="17" type="stmt"/>
        <line num="332" count="17" type="stmt"/>
        <line num="333" count="17" type="stmt"/>
        <line num="334" count="17" type="stmt"/>
        <line num="335" count="17" type="stmt"/>
        <line num="336" count="17" type="stmt"/>
        <line num="337" count="17" type="stmt"/>
        <line num="338" count="17" type="stmt"/>
        <line num="339" count="17" type="stmt"/>
        <line num="341" count="17" type="stmt"/>
        <line num="342" count="17" type="stmt"/>
        <line num="343" count="17" type="stmt"/>
        <line num="344" count="17" type="stmt"/>
        <line num="345" count="17" type="stmt"/>
        <line num="346" count="17" type="stmt"/>
        <line num="347" count="17" type="stmt"/>
        <line num="348" count="17" type="stmt"/>
        <line num="349" count="17" type="stmt"/>
        <line num="350" count="17" type="stmt"/>
        <line num="351" count="17" type="stmt"/>
        <line num="352" count="17" type="stmt"/>
        <line num="354" count="17" type="stmt"/>
        <line num="355" count="17" type="stmt"/>
        <line num="356" count="17" type="stmt"/>
        <line num="357" count="17" type="stmt"/>
        <line num="358" count="17" type="stmt"/>
        <line num="359" count="17" type="stmt"/>
        <line num="360" count="17" type="stmt"/>
        <line num="361" count="17" type="stmt"/>
        <line num="362" count="17" type="stmt"/>
        <line num="363" count="17" type="stmt"/>
        <line num="364" count="17" type="stmt"/>
        <line num="365" count="17" type="stmt"/>
        <line num="367" count="17" type="stmt"/>
        <line num="368" count="17" type="stmt"/>
        <line num="369" count="17" type="stmt"/>
        <line num="370" count="17" type="stmt"/>
        <line num="371" count="17" type="stmt"/>
        <line num="372" count="17" type="stmt"/>
        <line num="374" count="17" type="stmt"/>
        <line num="375" count="17" type="stmt"/>
        <line num="376" count="17" type="stmt"/>
        <line num="377" count="17" type="stmt"/>
        <line num="378" count="17" type="stmt"/>
        <line num="379" count="17" type="stmt"/>
        <line num="380" count="17" type="stmt"/>
        <line num="381" count="17" type="stmt"/>
        <line num="382" count="17" type="stmt"/>
        <line num="383" count="17" type="stmt"/>
        <line num="384" count="17" type="stmt"/>
        <line num="385" count="17" type="stmt"/>
        <line num="387" count="17" type="stmt"/>
        <line num="388" count="17" type="stmt"/>
        <line num="389" count="17" type="stmt"/>
        <line num="390" count="17" type="stmt"/>
        <line num="391" count="17" type="stmt"/>
        <line num="392" count="17" type="stmt"/>
        <line num="393" count="17" type="stmt"/>
        <line num="394" count="17" type="stmt"/>
        <line num="395" count="17" type="stmt"/>
        <line num="396" count="17" type="stmt"/>
        <line num="397" count="17" type="stmt"/>
        <line num="398" count="17" type="stmt"/>
        <line num="400" count="17" type="stmt"/>
        <line num="401" count="17" type="stmt"/>
        <line num="402" count="17" type="stmt"/>
        <line num="403" count="17" type="stmt"/>
        <line num="404" count="17" type="stmt"/>
        <line num="405" count="17" type="stmt"/>
        <line num="406" count="17" type="stmt"/>
        <line num="407" count="17" type="stmt"/>
        <line num="408" count="17" type="stmt"/>
        <line num="409" count="17" type="stmt"/>
        <line num="410" count="17" type="stmt"/>
        <line num="411" count="17" type="stmt"/>
        <line num="413" count="17" type="stmt"/>
        <line num="414" count="17" type="stmt"/>
        <line num="415" count="17" type="stmt"/>
        <line num="416" count="17" type="stmt"/>
        <line num="417" count="17" type="stmt"/>
        <line num="418" count="17" type="stmt"/>
        <line num="419" count="17" type="stmt"/>
        <line num="420" count="17" type="stmt"/>
        <line num="421" count="17" type="stmt"/>
        <line num="422" count="17" type="stmt"/>
        <line num="423" count="17" type="stmt"/>
        <line num="424" count="17" type="stmt"/>
        <line num="426" count="17" type="stmt"/>
        <line num="427" count="17" type="stmt"/>
        <line num="428" count="17" type="stmt"/>
        <line num="429" count="17" type="stmt"/>
        <line num="430" count="17" type="stmt"/>
        <line num="431" count="17" type="stmt"/>
        <line num="433" count="17" type="stmt"/>
        <line num="434" count="17" type="stmt"/>
        <line num="435" count="17" type="stmt"/>
        <line num="436" count="17" type="stmt"/>
        <line num="437" count="17" type="stmt"/>
        <line num="438" count="17" type="stmt"/>
        <line num="439" count="17" type="stmt"/>
        <line num="440" count="17" type="stmt"/>
        <line num="441" count="17" type="stmt"/>
        <line num="442" count="17" type="stmt"/>
        <line num="444" count="17" type="stmt"/>
        <line num="445" count="17" type="stmt"/>
        <line num="446" count="17" type="stmt"/>
        <line num="448" count="17" type="stmt"/>
        <line num="449" count="17" type="stmt"/>
        <line num="450" count="17" type="stmt"/>
        <line num="451" count="17" type="stmt"/>
        <line num="452" count="17" type="stmt"/>
        <line num="453" count="17" type="stmt"/>
        <line num="454" count="17" type="stmt"/>
        <line num="455" count="17" type="stmt"/>
        <line num="456" count="17" type="stmt"/>
        <line num="457" count="17" type="stmt"/>
        <line num="459" count="17" type="stmt"/>
        <line num="460" count="17" type="stmt"/>
        <line num="461" count="17" type="stmt"/>
        <line num="463" count="17" type="stmt"/>
        <line num="464" count="17" type="stmt"/>
        <line num="465" count="17" type="stmt"/>
        <line num="466" count="17" type="stmt"/>
        <line num="467" count="17" type="stmt"/>
        <line num="468" count="17" type="stmt"/>
        <line num="469" count="17" type="stmt"/>
        <line num="470" count="17" type="stmt"/>
        <line num="471" count="17" type="stmt"/>
        <line num="472" count="17" type="stmt"/>
        <line num="474" count="17" type="stmt"/>
        <line num="475" count="17" type="stmt"/>
        <line num="476" count="17" type="stmt"/>
        <line num="478" count="17" type="stmt"/>
        <line num="479" count="17" type="stmt"/>
        <line num="480" count="17" type="stmt"/>
        <line num="481" count="17" type="stmt"/>
        <line num="482" count="17" type="stmt"/>
        <line num="483" count="17" type="stmt"/>
        <line num="484" count="17" type="stmt"/>
        <line num="485" count="17" type="stmt"/>
        <line num="486" count="17" type="stmt"/>
        <line num="487" count="17" type="stmt"/>
        <line num="489" count="17" type="stmt"/>
        <line num="490" count="17" type="stmt"/>
        <line num="491" count="17" type="stmt"/>
        <line num="493" count="17" type="stmt"/>
        <line num="494" count="17" type="stmt"/>
        <line num="495" count="17" type="stmt"/>
        <line num="496" count="17" type="stmt"/>
        <line num="497" count="17" type="stmt"/>
        <line num="498" count="17" type="stmt"/>
        <line num="499" count="17" type="stmt"/>
        <line num="500" count="17" type="stmt"/>
        <line num="501" count="17" type="stmt"/>
        <line num="502" count="17" type="stmt"/>
        <line num="503" count="17" type="stmt"/>
        <line num="505" count="17" type="stmt"/>
        <line num="506" count="17" type="stmt"/>
        <line num="507" count="17" type="stmt"/>
        <line num="509" count="17" type="stmt"/>
        <line num="510" count="17" type="stmt"/>
        <line num="511" count="17" type="stmt"/>
        <line num="512" count="17" type="stmt"/>
        <line num="513" count="17" type="stmt"/>
        <line num="514" count="17" type="stmt"/>
        <line num="515" count="17" type="stmt"/>
        <line num="516" count="17" type="stmt"/>
        <line num="517" count="17" type="stmt"/>
        <line num="518" count="17" type="stmt"/>
        <line num="519" count="17" type="stmt"/>
        <line num="521" count="17" type="stmt"/>
        <line num="522" count="17" type="stmt"/>
        <line num="523" count="17" type="stmt"/>
        <line num="525" count="17" type="stmt"/>
        <line num="526" count="17" type="stmt"/>
        <line num="527" count="17" type="stmt"/>
        <line num="528" count="17" type="stmt"/>
        <line num="529" count="17" type="stmt"/>
        <line num="530" count="17" type="stmt"/>
        <line num="532" count="17" type="stmt"/>
        <line num="533" count="17" type="stmt"/>
        <line num="534" count="17" type="stmt"/>
        <line num="535" count="17" type="stmt"/>
        <line num="536" count="17" type="stmt"/>
        <line num="537" count="17" type="stmt"/>
        <line num="538" count="17" type="stmt"/>
        <line num="539" count="17" type="stmt"/>
        <line num="540" count="17" type="stmt"/>
        <line num="541" count="17" type="stmt"/>
        <line num="543" count="17" type="stmt"/>
        <line num="544" count="17" type="stmt"/>
        <line num="545" count="17" type="stmt"/>
        <line num="547" count="17" type="stmt"/>
        <line num="548" count="17" type="stmt"/>
        <line num="549" count="17" type="stmt"/>
        <line num="550" count="17" type="stmt"/>
        <line num="551" count="17" type="stmt"/>
        <line num="552" count="17" type="stmt"/>
        <line num="553" count="17" type="stmt"/>
        <line num="554" count="17" type="stmt"/>
        <line num="555" count="17" type="stmt"/>
        <line num="556" count="17" type="stmt"/>
        <line num="558" count="17" type="stmt"/>
        <line num="559" count="17" type="stmt"/>
        <line num="560" count="17" type="stmt"/>
        <line num="562" count="17" type="stmt"/>
        <line num="563" count="17" type="stmt"/>
        <line num="564" count="17" type="stmt"/>
        <line num="565" count="17" type="stmt"/>
        <line num="566" count="17" type="stmt"/>
        <line num="567" count="17" type="stmt"/>
        <line num="568" count="17" type="stmt"/>
        <line num="569" count="17" type="stmt"/>
        <line num="570" count="17" type="stmt"/>
        <line num="571" count="17" type="stmt"/>
        <line num="573" count="17" type="stmt"/>
        <line num="574" count="17" type="stmt"/>
        <line num="575" count="17" type="stmt"/>
        <line num="577" count="17" type="stmt"/>
        <line num="578" count="17" type="stmt"/>
        <line num="579" count="17" type="stmt"/>
        <line num="580" count="17" type="stmt"/>
        <line num="581" count="17" type="stmt"/>
        <line num="582" count="17" type="stmt"/>
        <line num="583" count="17" type="stmt"/>
        <line num="584" count="17" type="stmt"/>
        <line num="585" count="17" type="stmt"/>
        <line num="586" count="17" type="stmt"/>
        <line num="588" count="17" type="stmt"/>
        <line num="589" count="17" type="stmt"/>
        <line num="590" count="17" type="stmt"/>
        <line num="592" count="17" type="stmt"/>
        <line num="593" count="17" type="stmt"/>
        <line num="594" count="17" type="stmt"/>
        <line num="595" count="17" type="stmt"/>
        <line num="596" count="17" type="stmt"/>
        <line num="597" count="17" type="stmt"/>
        <line num="598" count="17" type="stmt"/>
        <line num="599" count="17" type="stmt"/>
        <line num="600" count="17" type="stmt"/>
        <line num="601" count="17" type="stmt"/>
        <line num="603" count="17" type="stmt"/>
        <line num="604" count="17" type="stmt"/>
        <line num="605" count="17" type="stmt"/>
        <line num="607" count="17" type="stmt"/>
        <line num="608" count="17" type="stmt"/>
        <line num="609" count="17" type="stmt"/>
        <line num="610" count="17" type="stmt"/>
        <line num="611" count="17" type="stmt"/>
        <line num="612" count="17" type="stmt"/>
        <line num="613" count="17" type="stmt"/>
        <line num="614" count="17" type="stmt"/>
        <line num="615" count="17" type="stmt"/>
        <line num="616" count="17" type="stmt"/>
        <line num="618" count="17" type="stmt"/>
        <line num="619" count="17" type="stmt"/>
        <line num="620" count="17" type="stmt"/>
        <line num="622" count="17" type="stmt"/>
        <line num="623" count="17" type="stmt"/>
        <line num="624" count="17" type="stmt"/>
        <line num="625" count="17" type="stmt"/>
        <line num="626" count="17" type="stmt"/>
        <line num="627" count="17" type="stmt"/>
        <line num="629" count="17" type="stmt"/>
        <line num="630" count="17" type="stmt"/>
        <line num="631" count="17" type="stmt"/>
        <line num="632" count="17" type="stmt"/>
        <line num="633" count="17" type="stmt"/>
        <line num="634" count="17" type="stmt"/>
        <line num="635" count="17" type="stmt"/>
        <line num="636" count="17" type="stmt"/>
        <line num="637" count="17" type="stmt"/>
        <line num="638" count="17" type="stmt"/>
        <line num="639" count="17" type="stmt"/>
        <line num="641" count="17" type="stmt"/>
        <line num="642" count="17" type="stmt"/>
        <line num="643" count="17" type="stmt"/>
        <line num="644" count="17" type="stmt"/>
        <line num="645" count="17" type="stmt"/>
        <line num="646" count="17" type="stmt"/>
        <line num="647" count="17" type="stmt"/>
        <line num="648" count="17" type="stmt"/>
        <line num="649" count="17" type="stmt"/>
        <line num="650" count="17" type="stmt"/>
        <line num="652" count="17" type="stmt"/>
        <line num="653" count="17" type="stmt"/>
        <line num="654" count="17" type="stmt"/>
        <line num="655" count="17" type="stmt"/>
        <line num="656" count="17" type="stmt"/>
        <line num="657" count="17" type="stmt"/>
        <line num="658" count="17" type="stmt"/>
        <line num="659" count="17" type="stmt"/>
        <line num="660" count="17" type="stmt"/>
        <line num="661" count="17" type="stmt"/>
        <line num="663" count="17" type="stmt"/>
        <line num="664" count="17" type="stmt"/>
        <line num="665" count="17" type="stmt"/>
        <line num="666" count="17" type="stmt"/>
        <line num="667" count="17" type="stmt"/>
        <line num="668" count="17" type="stmt"/>
        <line num="669" count="17" type="stmt"/>
        <line num="670" count="17" type="stmt"/>
        <line num="671" count="17" type="stmt"/>
        <line num="672" count="17" type="stmt"/>
        <line num="674" count="17" type="stmt"/>
        <line num="675" count="17" type="stmt"/>
        <line num="676" count="17" type="stmt"/>
        <line num="677" count="17" type="stmt"/>
        <line num="678" count="17" type="stmt"/>
        <line num="679" count="17" type="stmt"/>
        <line num="680" count="17" type="stmt"/>
        <line num="681" count="17" type="stmt"/>
        <line num="682" count="17" type="stmt"/>
        <line num="683" count="17" type="stmt"/>
        <line num="684" count="17" type="stmt"/>
        <line num="685" count="17" type="stmt"/>
        <line num="687" count="17" type="stmt"/>
        <line num="688" count="17" type="stmt"/>
        <line num="689" count="17" type="stmt"/>
        <line num="690" count="17" type="stmt"/>
        <line num="691" count="17" type="stmt"/>
        <line num="692" count="17" type="stmt"/>
        <line num="693" count="17" type="stmt"/>
        <line num="694" count="17" type="stmt"/>
        <line num="695" count="17" type="stmt"/>
        <line num="696" count="17" type="stmt"/>
        <line num="698" count="17" type="stmt"/>
        <line num="699" count="17" type="stmt"/>
        <line num="700" count="17" type="stmt"/>
        <line num="701" count="17" type="stmt"/>
        <line num="702" count="17" type="stmt"/>
        <line num="703" count="17" type="stmt"/>
        <line num="704" count="17" type="stmt"/>
        <line num="705" count="17" type="stmt"/>
        <line num="706" count="17" type="stmt"/>
        <line num="707" count="17" type="stmt"/>
        <line num="709" count="17" type="stmt"/>
        <line num="710" count="17" type="stmt"/>
        <line num="711" count="17" type="stmt"/>
        <line num="712" count="17" type="stmt"/>
        <line num="713" count="17" type="stmt"/>
        <line num="714" count="17" type="stmt"/>
        <line num="715" count="17" type="stmt"/>
        <line num="716" count="17" type="stmt"/>
        <line num="717" count="17" type="stmt"/>
        <line num="718" count="17" type="stmt"/>
        <line num="720" count="17" type="stmt"/>
        <line num="721" count="17" type="stmt"/>
        <line num="722" count="17" type="stmt"/>
        <line num="723" count="17" type="stmt"/>
        <line num="724" count="17" type="stmt"/>
        <line num="725" count="17" type="stmt"/>
        <line num="726" count="17" type="stmt"/>
        <line num="727" count="17" type="stmt"/>
        <line num="728" count="17" type="stmt"/>
        <line num="729" count="17" type="stmt"/>
        <line num="731" count="17" type="stmt"/>
        <line num="732" count="17" type="stmt"/>
        <line num="733" count="17" type="stmt"/>
        <line num="734" count="17" type="stmt"/>
        <line num="735" count="17" type="stmt"/>
        <line num="736" count="17" type="stmt"/>
        <line num="737" count="17" type="stmt"/>
        <line num="738" count="17" type="stmt"/>
        <line num="739" count="17" type="stmt"/>
        <line num="740" count="17" type="stmt"/>
        <line num="742" count="17" type="stmt"/>
        <line num="743" count="17" type="stmt"/>
        <line num="744" count="17" type="stmt"/>
        <line num="745" count="17" type="stmt"/>
        <line num="746" count="17" type="stmt"/>
        <line num="748" count="17" type="stmt"/>
        <line num="749" count="17" type="stmt"/>
        <line num="750" count="17" type="stmt"/>
        <line num="751" count="17" type="stmt"/>
        <line num="752" count="17" type="stmt"/>
        <line num="753" count="17" type="stmt"/>
        <line num="754" count="17" type="stmt"/>
        <line num="755" count="17" type="stmt"/>
        <line num="756" count="17" type="stmt"/>
        <line num="757" count="17" type="stmt"/>
        <line num="758" count="17" type="stmt"/>
        <line num="759" count="17" type="stmt"/>
        <line num="760" count="17" type="stmt"/>
        <line num="762" count="17" type="stmt"/>
        <line num="763" count="17" type="stmt"/>
        <line num="764" count="17" type="stmt"/>
        <line num="765" count="17" type="stmt"/>
        <line num="766" count="17" type="stmt"/>
        <line num="767" count="17" type="stmt"/>
        <line num="768" count="17" type="stmt"/>
        <line num="769" count="17" type="stmt"/>
        <line num="770" count="17" type="stmt"/>
        <line num="771" count="17" type="stmt"/>
        <line num="773" count="17" type="stmt"/>
        <line num="774" count="17" type="stmt"/>
        <line num="775" count="17" type="stmt"/>
        <line num="776" count="17" type="stmt"/>
        <line num="777" count="17" type="stmt"/>
        <line num="778" count="17" type="stmt"/>
        <line num="779" count="17" type="stmt"/>
        <line num="780" count="17" type="stmt"/>
        <line num="781" count="17" type="stmt"/>
        <line num="782" count="17" type="stmt"/>
        <line num="783" count="17" type="stmt"/>
        <line num="784" count="17" type="stmt"/>
        <line num="786" count="17" type="stmt"/>
        <line num="787" count="17" type="stmt"/>
        <line num="788" count="17" type="stmt"/>
        <line num="789" count="17" type="stmt"/>
        <line num="790" count="17" type="stmt"/>
        <line num="791" count="17" type="stmt"/>
        <line num="792" count="17" type="stmt"/>
        <line num="793" count="17" type="stmt"/>
        <line num="794" count="17" type="stmt"/>
        <line num="795" count="17" type="stmt"/>
        <line num="796" count="17" type="stmt"/>
        <line num="797" count="17" type="stmt"/>
        <line num="799" count="17" type="stmt"/>
        <line num="800" count="17" type="stmt"/>
        <line num="801" count="17" type="stmt"/>
        <line num="802" count="17" type="stmt"/>
        <line num="803" count="17" type="stmt"/>
        <line num="804" count="17" type="stmt"/>
        <line num="805" count="17" type="stmt"/>
        <line num="806" count="17" type="stmt"/>
        <line num="807" count="17" type="stmt"/>
        <line num="808" count="17" type="stmt"/>
        <line num="809" count="17" type="stmt"/>
        <line num="810" count="17" type="stmt"/>
        <line num="812" count="17" type="stmt"/>
        <line num="813" count="17" type="stmt"/>
        <line num="814" count="17" type="stmt"/>
        <line num="815" count="17" type="stmt"/>
        <line num="816" count="17" type="stmt"/>
        <line num="817" count="17" type="stmt"/>
        <line num="818" count="17" type="stmt"/>
        <line num="819" count="17" type="stmt"/>
        <line num="820" count="17" type="stmt"/>
        <line num="821" count="17" type="stmt"/>
        <line num="822" count="17" type="stmt"/>
        <line num="823" count="17" type="stmt"/>
        <line num="825" count="17" type="stmt"/>
        <line num="826" count="17" type="stmt"/>
        <line num="827" count="17" type="stmt"/>
        <line num="828" count="17" type="stmt"/>
        <line num="829" count="17" type="stmt"/>
        <line num="831" count="17" type="stmt"/>
        <line num="832" count="17" type="stmt"/>
        <line num="833" count="17" type="stmt"/>
        <line num="834" count="17" type="stmt"/>
        <line num="835" count="17" type="stmt"/>
        <line num="836" count="17" type="stmt"/>
        <line num="837" count="17" type="stmt"/>
        <line num="838" count="17" type="stmt"/>
        <line num="839" count="17" type="stmt"/>
        <line num="840" count="17" type="stmt"/>
        <line num="841" count="17" type="stmt"/>
        <line num="842" count="17" type="stmt"/>
        <line num="844" count="17" type="stmt"/>
        <line num="845" count="17" type="stmt"/>
        <line num="846" count="17" type="stmt"/>
        <line num="847" count="17" type="stmt"/>
        <line num="848" count="17" type="stmt"/>
        <line num="849" count="17" type="stmt"/>
        <line num="850" count="17" type="stmt"/>
        <line num="851" count="17" type="stmt"/>
        <line num="852" count="17" type="stmt"/>
        <line num="853" count="17" type="stmt"/>
        <line num="854" count="17" type="stmt"/>
        <line num="855" count="17" type="stmt"/>
        <line num="857" count="17" type="stmt"/>
        <line num="858" count="17" type="stmt"/>
        <line num="859" count="17" type="stmt"/>
        <line num="860" count="17" type="stmt"/>
        <line num="861" count="17" type="stmt"/>
        <line num="862" count="17" type="stmt"/>
        <line num="863" count="17" type="stmt"/>
        <line num="864" count="17" type="stmt"/>
        <line num="865" count="17" type="stmt"/>
        <line num="866" count="17" type="stmt"/>
        <line num="867" count="17" type="stmt"/>
        <line num="868" count="17" type="stmt"/>
        <line num="870" count="17" type="stmt"/>
        <line num="871" count="17" type="stmt"/>
        <line num="872" count="17" type="stmt"/>
        <line num="873" count="17" type="stmt"/>
        <line num="874" count="17" type="stmt"/>
        <line num="875" count="17" type="stmt"/>
        <line num="876" count="17" type="stmt"/>
        <line num="877" count="17" type="stmt"/>
        <line num="878" count="17" type="stmt"/>
        <line num="879" count="17" type="stmt"/>
        <line num="881" count="17" type="stmt"/>
        <line num="882" count="17" type="stmt"/>
        <line num="883" count="17" type="stmt"/>
        <line num="885" count="17" type="stmt"/>
        <line num="886" count="17" type="stmt"/>
        <line num="887" count="17" type="stmt"/>
        <line num="888" count="17" type="stmt"/>
        <line num="889" count="17" type="stmt"/>
        <line num="890" count="17" type="stmt"/>
        <line num="892" count="17" type="stmt"/>
        <line num="893" count="17" type="stmt"/>
        <line num="894" count="17" type="stmt"/>
        <line num="895" count="17" type="stmt"/>
        <line num="896" count="17" type="stmt"/>
        <line num="897" count="17" type="stmt"/>
        <line num="898" count="17" type="stmt"/>
        <line num="899" count="17" type="stmt"/>
        <line num="900" count="17" type="stmt"/>
        <line num="901" count="17" type="stmt"/>
        <line num="903" count="17" type="stmt"/>
        <line num="904" count="17" type="stmt"/>
        <line num="905" count="17" type="stmt"/>
        <line num="907" count="17" type="stmt"/>
        <line num="908" count="17" type="stmt"/>
        <line num="909" count="17" type="stmt"/>
        <line num="910" count="17" type="stmt"/>
        <line num="911" count="17" type="stmt"/>
        <line num="912" count="17" type="stmt"/>
        <line num="913" count="17" type="stmt"/>
        <line num="914" count="17" type="stmt"/>
        <line num="915" count="17" type="stmt"/>
        <line num="916" count="17" type="stmt"/>
        <line num="917" count="17" type="stmt"/>
        <line num="918" count="17" type="stmt"/>
        <line num="920" count="17" type="stmt"/>
        <line num="921" count="17" type="stmt"/>
        <line num="922" count="17" type="stmt"/>
        <line num="923" count="17" type="stmt"/>
        <line num="924" count="17" type="stmt"/>
        <line num="925" count="17" type="stmt"/>
        <line num="926" count="17" type="stmt"/>
        <line num="927" count="17" type="stmt"/>
        <line num="928" count="17" type="stmt"/>
        <line num="929" count="17" type="stmt"/>
        <line num="930" count="17" type="stmt"/>
        <line num="931" count="17" type="stmt"/>
        <line num="933" count="17" type="stmt"/>
        <line num="934" count="17" type="stmt"/>
        <line num="935" count="17" type="stmt"/>
        <line num="936" count="17" type="stmt"/>
        <line num="937" count="17" type="stmt"/>
        <line num="938" count="17" type="stmt"/>
        <line num="940" count="17" type="stmt"/>
        <line num="941" count="17" type="stmt"/>
        <line num="942" count="17" type="stmt"/>
        <line num="943" count="17" type="stmt"/>
        <line num="944" count="17" type="stmt"/>
        <line num="945" count="17" type="stmt"/>
        <line num="946" count="17" type="stmt"/>
        <line num="947" count="17" type="stmt"/>
        <line num="948" count="17" type="stmt"/>
        <line num="949" count="17" type="stmt"/>
        <line num="950" count="17" type="stmt"/>
        <line num="951" count="17" type="stmt"/>
        <line num="953" count="17" type="stmt"/>
        <line num="954" count="17" type="stmt"/>
        <line num="955" count="17" type="stmt"/>
        <line num="956" count="17" type="stmt"/>
        <line num="957" count="17" type="stmt"/>
        <line num="958" count="17" type="stmt"/>
        <line num="959" count="17" type="stmt"/>
        <line num="960" count="17" type="stmt"/>
        <line num="961" count="17" type="stmt"/>
        <line num="962" count="17" type="stmt"/>
        <line num="964" count="17" type="stmt"/>
        <line num="965" count="17" type="stmt"/>
        <line num="966" count="17" type="stmt"/>
        <line num="968" count="17" type="stmt"/>
        <line num="969" count="17" type="stmt"/>
        <line num="970" count="17" type="stmt"/>
        <line num="971" count="17" type="stmt"/>
        <line num="972" count="17" type="stmt"/>
        <line num="973" count="17" type="stmt"/>
        <line num="974" count="17" type="stmt"/>
        <line num="975" count="17" type="stmt"/>
        <line num="976" count="17" type="stmt"/>
        <line num="977" count="17" type="stmt"/>
        <line num="979" count="17" type="stmt"/>
        <line num="980" count="17" type="stmt"/>
        <line num="981" count="17" type="stmt"/>
        <line num="983" count="17" type="stmt"/>
        <line num="984" count="17" type="stmt"/>
        <line num="985" count="17" type="stmt"/>
        <line num="986" count="17" type="stmt"/>
        <line num="987" count="17" type="stmt"/>
        <line num="988" count="17" type="stmt"/>
        <line num="990" count="17" type="stmt"/>
        <line num="991" count="17" type="stmt"/>
        <line num="992" count="17" type="stmt"/>
        <line num="993" count="17" type="stmt"/>
        <line num="994" count="17" type="stmt"/>
        <line num="995" count="17" type="stmt"/>
        <line num="996" count="17" type="stmt"/>
        <line num="997" count="17" type="stmt"/>
        <line num="998" count="17" type="stmt"/>
        <line num="999" count="17" type="stmt"/>
        <line num="1000" count="17" type="stmt"/>
        <line num="1001" count="17" type="stmt"/>
        <line num="1003" count="17" type="stmt"/>
        <line num="1004" count="17" type="stmt"/>
        <line num="1005" count="17" type="stmt"/>
        <line num="1006" count="17" type="stmt"/>
        <line num="1007" count="17" type="stmt"/>
        <line num="1008" count="17" type="stmt"/>
        <line num="1009" count="17" type="stmt"/>
        <line num="1010" count="17" type="stmt"/>
        <line num="1011" count="17" type="stmt"/>
        <line num="1012" count="17" type="stmt"/>
        <line num="1013" count="17" type="stmt"/>
        <line num="1014" count="17" type="stmt"/>
        <line num="1016" count="17" type="stmt"/>
        <line num="1017" count="17" type="stmt"/>
        <line num="1018" count="17" type="stmt"/>
        <line num="1019" count="17" type="stmt"/>
        <line num="1020" count="17" type="stmt"/>
        <line num="1021" count="17" type="stmt"/>
        <line num="1022" count="17" type="stmt"/>
        <line num="1023" count="17" type="stmt"/>
        <line num="1024" count="17" type="stmt"/>
        <line num="1025" count="17" type="stmt"/>
        <line num="1026" count="17" type="stmt"/>
        <line num="1027" count="17" type="stmt"/>
        <line num="1029" count="17" type="stmt"/>
        <line num="1030" count="17" type="stmt"/>
        <line num="1031" count="17" type="stmt"/>
        <line num="1032" count="17" type="stmt"/>
        <line num="1033" count="17" type="stmt"/>
        <line num="1034" count="17" type="stmt"/>
        <line num="1035" count="17" type="stmt"/>
        <line num="1036" count="17" type="stmt"/>
        <line num="1037" count="17" type="stmt"/>
        <line num="1038" count="17" type="stmt"/>
        <line num="1039" count="17" type="stmt"/>
        <line num="1040" count="17" type="stmt"/>
        <line num="1042" count="17" type="stmt"/>
        <line num="1043" count="17" type="stmt"/>
        <line num="1044" count="17" type="stmt"/>
        <line num="1045" count="17" type="stmt"/>
        <line num="1046" count="17" type="stmt"/>
        <line num="1047" count="17" type="stmt"/>
        <line num="1048" count="17" type="stmt"/>
        <line num="1049" count="17" type="stmt"/>
        <line num="1050" count="17" type="stmt"/>
        <line num="1051" count="17" type="stmt"/>
        <line num="1052" count="17" type="stmt"/>
        <line num="1053" count="17" type="stmt"/>
        <line num="1055" count="17" type="stmt"/>
        <line num="1056" count="17" type="stmt"/>
        <line num="1057" count="17" type="stmt"/>
        <line num="1058" count="17" type="stmt"/>
        <line num="1059" count="17" type="stmt"/>
        <line num="1060" count="17" type="stmt"/>
        <line num="1062" count="17" type="stmt"/>
        <line num="1063" count="17" type="stmt"/>
        <line num="1064" count="17" type="stmt"/>
        <line num="1065" count="17" type="stmt"/>
        <line num="1066" count="17" type="stmt"/>
        <line num="1067" count="17" type="stmt"/>
        <line num="1068" count="17" type="stmt"/>
        <line num="1069" count="17" type="stmt"/>
        <line num="1070" count="17" type="stmt"/>
        <line num="1071" count="17" type="stmt"/>
        <line num="1072" count="17" type="stmt"/>
        <line num="1074" count="17" type="stmt"/>
        <line num="1075" count="17" type="stmt"/>
        <line num="1076" count="17" type="stmt"/>
        <line num="1078" count="17" type="stmt"/>
        <line num="1079" count="17" type="stmt"/>
        <line num="1080" count="17" type="stmt"/>
        <line num="1081" count="17" type="stmt"/>
        <line num="1082" count="17" type="stmt"/>
        <line num="1083" count="17" type="stmt"/>
        <line num="1084" count="17" type="stmt"/>
        <line num="1085" count="17" type="stmt"/>
        <line num="1086" count="17" type="stmt"/>
        <line num="1087" count="17" type="stmt"/>
        <line num="1088" count="17" type="stmt"/>
        <line num="1090" count="17" type="stmt"/>
        <line num="1091" count="17" type="stmt"/>
        <line num="1092" count="17" type="stmt"/>
        <line num="1094" count="17" type="stmt"/>
        <line num="1095" count="17" type="stmt"/>
        <line num="1096" count="17" type="stmt"/>
        <line num="1097" count="17" type="stmt"/>
        <line num="1098" count="17" type="stmt"/>
        <line num="1099" count="17" type="stmt"/>
        <line num="1100" count="17" type="stmt"/>
        <line num="1101" count="17" type="stmt"/>
        <line num="1102" count="17" type="stmt"/>
        <line num="1103" count="17" type="stmt"/>
        <line num="1104" count="17" type="stmt"/>
        <line num="1106" count="17" type="stmt"/>
        <line num="1107" count="17" type="stmt"/>
        <line num="1108" count="17" type="stmt"/>
        <line num="1110" count="17" type="stmt"/>
        <line num="1111" count="17" type="stmt"/>
        <line num="1112" count="17" type="stmt"/>
        <line num="1113" count="17" type="stmt"/>
        <line num="1114" count="17" type="stmt"/>
        <line num="1115" count="17" type="stmt"/>
        <line num="1116" count="17" type="stmt"/>
        <line num="1117" count="17" type="stmt"/>
        <line num="1118" count="17" type="stmt"/>
        <line num="1119" count="17" type="stmt"/>
        <line num="1120" count="17" type="stmt"/>
        <line num="1122" count="17" type="stmt"/>
        <line num="1123" count="17" type="stmt"/>
        <line num="1124" count="17" type="stmt"/>
        <line num="1126" count="17" type="stmt"/>
        <line num="1127" count="17" type="stmt"/>
        <line num="1128" count="17" type="stmt"/>
        <line num="1129" count="17" type="stmt"/>
        <line num="1130" count="17" type="stmt"/>
        <line num="1131" count="17" type="stmt"/>
        <line num="1133" count="17" type="stmt"/>
        <line num="1134" count="17" type="stmt"/>
        <line num="1135" count="17" type="stmt"/>
        <line num="1136" count="17" type="cond" truecount="1" falsecount="0"/>
        <line num="1137" count="85" type="stmt"/>
        <line num="1138" count="85" type="stmt"/>
        <line num="1139" count="85" type="stmt"/>
        <line num="1141" count="85" type="stmt"/>
        <line num="1142" count="85" type="stmt"/>
        <line num="1143" count="85" type="stmt"/>
        <line num="1144" count="85" type="stmt"/>
        <line num="1145" count="85" type="stmt"/>
        <line num="1146" count="85" type="stmt"/>
        <line num="1147" count="85" type="stmt"/>
        <line num="1148" count="85" type="stmt"/>
        <line num="1149" count="85" type="stmt"/>
        <line num="1150" count="85" type="stmt"/>
        <line num="1151" count="85" type="stmt"/>
        <line num="1152" count="85" type="stmt"/>
        <line num="1154" count="17" type="stmt"/>
        <line num="1155" count="17" type="stmt"/>
        <line num="1156" count="17" type="stmt"/>
        <line num="1157" count="17" type="stmt"/>
        <line num="1158" count="17" type="stmt"/>
        <line num="1159" count="17" type="stmt"/>
        <line num="1160" count="17" type="stmt"/>
        <line num="1161" count="17" type="stmt"/>
        <line num="1162" count="17" type="stmt"/>
        <line num="1163" count="17" type="stmt"/>
        <line num="1164" count="17" type="stmt"/>
        <line num="1166" count="17" type="stmt"/>
        <line num="1167" count="17" type="cond" truecount="0" falsecount="1"/>
        <line num="1168" count="0" type="stmt"/>
        <line num="1169" count="0" type="stmt"/>
        <line num="1170" count="0" type="stmt"/>
        <line num="1171" count="0" type="stmt"/>
        <line num="1172" count="0" type="stmt"/>
        <line num="1173" count="0" type="stmt"/>
        <line num="1174" count="0" type="stmt"/>
        <line num="1175" count="0" type="stmt"/>
        <line num="1177" count="17" type="stmt"/>
        <line num="1178" count="17" type="stmt"/>
        <line num="1179" count="17" type="stmt"/>
        <line num="1180" count="17" type="stmt"/>
        <line num="1182" count="17" type="cond" truecount="1" falsecount="0"/>
        <line num="1183" count="1" type="stmt"/>
        <line num="1185" count="17" type="stmt"/>
        <line num="1186" count="17" type="stmt"/>
        <line num="1187" count="17" type="stmt"/>
        <line num="1188" count="17" type="stmt"/>
        <line num="1189" count="17" type="stmt"/>
        <line num="1190" count="17" type="stmt"/>
        <line num="1192" count="17" type="cond" truecount="2" falsecount="0"/>
        <line num="1193" count="17" type="cond" truecount="0" falsecount="1"/>
        <line num="1195" count="0" type="stmt"/>
        <line num="1196" count="0" type="stmt"/>
        <line num="1197" count="0" type="stmt"/>
        <line num="1198" count="0" type="stmt"/>
        <line num="1199" count="0" type="stmt"/>
        <line num="1201" count="0" type="stmt"/>
        <line num="1203" count="17" type="cond" truecount="1" falsecount="0"/>
        <line num="1204" count="1" type="stmt"/>
        <line num="1205" count="1" type="stmt"/>
        <line num="1206" count="1" type="stmt"/>
        <line num="1208" count="17" type="stmt"/>
        <line num="1209" count="17" type="stmt"/>
        <line num="1210" count="17" type="stmt"/>
        <line num="1211" count="17" type="cond" truecount="1" falsecount="0"/>
        <line num="1212" count="1" type="stmt"/>
        <line num="1213" count="18" type="stmt"/>
        <line num="1215" count="18" type="stmt"/>
        <line num="1216" count="18" type="stmt"/>
        <line num="1217" count="18" type="stmt"/>
        <line num="1218" count="18" type="stmt"/>
        <line num="1220" count="18" type="stmt"/>
        <line num="1221" count="18" type="stmt"/>
        <line num="1222" count="18" type="stmt"/>
        <line num="1223" count="18" type="stmt"/>
        <line num="1224" count="18" type="stmt"/>
        <line num="1225" count="18" type="stmt"/>
        <line num="1227" count="18" type="stmt"/>
        <line num="1229" count="1" type="stmt"/>
      </file>
      <file name="LoginForm.jsx" path="C:\Users\Wey\Documents\GitHub\Project1\my-react-app\src\LoginForm.jsx">
        <metrics statements="55" coveredstatements="0" conditionals="1" coveredconditionals="0" methods="1" coveredmethods="0"/>
        <line num="1" count="0" type="cond" truecount="0" falsecount="1"/>
        <line num="3" count="0" type="stmt"/>
        <line num="4" count="0" type="stmt"/>
        <line num="5" count="0" type="stmt"/>
        <line num="7" count="0" type="stmt"/>
        <line num="8" count="0" type="stmt"/>
        <line num="9" count="0" type="stmt"/>
        <line num="10" count="0" type="stmt"/>
        <line num="12" count="0" type="stmt"/>
        <line num="13" count="0" type="stmt"/>
        <line num="14" count="0" type="stmt"/>
        <line num="15" count="0" type="stmt"/>
        <line num="16" count="0" type="stmt"/>
        <line num="17" count="0" type="stmt"/>
        <line num="18" count="0" type="stmt"/>
        <line num="19" count="0" type="stmt"/>
        <line num="20" count="0" type="stmt"/>
        <line num="21" count="0" type="stmt"/>
        <line num="23" count="0" type="stmt"/>
        <line num="24" count="0" type="stmt"/>
        <line num="25" count="0" type="stmt"/>
        <line num="26" count="0" type="stmt"/>
        <line num="27" count="0" type="stmt"/>
        <line num="28" count="0" type="stmt"/>
        <line num="29" count="0" type="stmt"/>
        <line num="30" count="0" type="stmt"/>
        <line num="31" count="0" type="stmt"/>
        <line num="32" count="0" type="stmt"/>
        <line num="33" count="0" type="stmt"/>
        <line num="34" count="0" type="stmt"/>
        <line num="35" count="0" type="stmt"/>
        <line num="36" count="0" type="stmt"/>
        <line num="37" count="0" type="stmt"/>
        <line num="39" count="0" type="stmt"/>
        <line num="40" count="0" type="stmt"/>
        <line num="41" count="0" type="stmt"/>
        <line num="42" count="0" type="stmt"/>
        <line num="43" count="0" type="stmt"/>
        <line num="44" count="0" type="stmt"/>
        <line num="45" count="0" type="stmt"/>
        <line num="46" count="0" type="stmt"/>
        <line num="47" count="0" type="stmt"/>
        <line num="48" count="0" type="stmt"/>
        <line num="49" count="0" type="stmt"/>
        <line num="50" count="0" type="stmt"/>
        <line num="51" count="0" type="stmt"/>
        <line num="52" count="0" type="stmt"/>
        <line num="53" count="0" type="stmt"/>
        <line num="55" count="0" type="stmt"/>
        <line num="56" count="0" type="stmt"/>
        <line num="57" count="0" type="stmt"/>
        <line num="58" count="0" type="stmt"/>
        <line num="59" count="0" type="stmt"/>
        <line num="61" count="0" type="stmt"/>
        <line num="63" count="0" type="stmt"/>
      </file>
      <file name="NavBar.jsx" path="C:\Users\Wey\Documents\GitHub\Project1\my-react-app\src\NavBar.jsx">
        <metrics statements="23" coveredstatements="0" conditionals="1" coveredconditionals="0" methods="1" coveredmethods="0"/>
        <line num="1" count="0" type="cond" truecount="0" falsecount="1"/>
        <line num="3" count="0" type="stmt"/>
        <line num="4" count="0" type="stmt"/>
        <line num="5" count="0" type="stmt"/>
        <line num="6" count="0" type="stmt"/>
        <line num="7" count="0" type="stmt"/>
        <line num="8" count="0" type="stmt"/>
        <line num="9" count="0" type="stmt"/>
        <line num="10" count="0" type="stmt"/>
        <line num="11" count="0" type="stmt"/>
        <line num="12" count="0" type="stmt"/>
        <line num="13" count="0" type="stmt"/>
        <line num="15" count="0" type="stmt"/>
        <line num="17" count="0" type="stmt"/>
        <line num="18" count="0" type="stmt"/>
        <line num="19" count="0" type="stmt"/>
        <line num="20" count="0" type="stmt"/>
        <line num="22" count="0" type="stmt"/>
        <line num="24" count="0" type="stmt"/>
        <line num="25" count="0" type="stmt"/>
        <line num="26" count="0" type="stmt"/>
        <line num="28" count="0" type="stmt"/>
        <line num="30" count="0" type="stmt"/>
      </file>
      <file name="TrainingResults.jsx" path="C:\Users\Wey\Documents\GitHub\Project1\my-react-app\src\TrainingResults.jsx">
        <metrics statements="65" coveredstatements="0" conditionals="1" coveredconditionals="0" methods="1" coveredmethods="0"/>
        <line num="1" count="0" type="cond" truecount="0" falsecount="1"/>
        <line num="3" count="0" type="stmt"/>
        <line num="4" count="0" type="stmt"/>
        <line num="6" count="0" type="stmt"/>
        <line num="7" count="0" type="stmt"/>
        <line num="8" count="0" type="stmt"/>
        <line num="9" count="0" type="stmt"/>
        <line num="10" count="0" type="stmt"/>
        <line num="11" count="0" type="stmt"/>
        <line num="13" count="0" type="stmt"/>
        <line num="14" count="0" type="stmt"/>
        <line num="15" count="0" type="stmt"/>
        <line num="16" count="0" type="stmt"/>
        <line num="17" count="0" type="stmt"/>
        <line num="18" count="0" type="stmt"/>
        <line num="20" count="0" type="stmt"/>
        <line num="21" count="0" type="stmt"/>
        <line num="22" count="0" type="stmt"/>
        <line num="25" count="0" type="stmt"/>
        <line num="26" count="0" type="stmt"/>
        <line num="27" count="0" type="stmt"/>
        <line num="28" count="0" type="stmt"/>
        <line num="29" count="0" type="stmt"/>
        <line num="30" count="0" type="stmt"/>
        <line num="31" count="0" type="stmt"/>
        <line num="32" count="0" type="stmt"/>
        <line num="33" count="0" type="stmt"/>
        <line num="37" count="0" type="stmt"/>
        <line num="38" count="0" type="stmt"/>
        <line num="39" count="0" type="stmt"/>
        <line num="40" count="0" type="stmt"/>
        <line num="43" count="0" type="stmt"/>
        <line num="44" count="0" type="stmt"/>
        <line num="45" count="0" type="stmt"/>
        <line num="46" count="0" type="stmt"/>
        <line num="49" count="0" type="stmt"/>
        <line num="50" count="0" type="stmt"/>
        <line num="51" count="0" type="stmt"/>
        <line num="52" count="0" type="stmt"/>
        <line num="53" count="0" type="stmt"/>
        <line num="54" count="0" type="stmt"/>
        <line num="55" count="0" type="stmt"/>
        <line num="56" count="0" type="stmt"/>
        <line num="57" count="0" type="stmt"/>
        <line num="58" count="0" type="stmt"/>
        <line num="59" count="0" type="stmt"/>
        <line num="60" count="0" type="stmt"/>
        <line num="61" count="0" type="stmt"/>
        <line num="62" count="0" type="stmt"/>
        <line num="63" count="0" type="stmt"/>
        <line num="64" count="0" type="stmt"/>
        <line num="65" count="0" type="stmt"/>
        <line num="66" count="0" type="stmt"/>
        <line num="67" count="0" type="stmt"/>
        <line num="68" count="0" type="stmt"/>
        <line num="69" count="0" type="stmt"/>
        <line num="70" count="0" type="stmt"/>
        <line num="71" count="0" type="stmt"/>
        <line num="73" count="0" type="stmt"/>
        <line num="74" count="0" type="stmt"/>
        <line num="75" count="0" type="stmt"/>
        <line num="76" count="0" type="stmt"/>
        <line num="77" count="0" type="stmt"/>
        <line num="79" count="0" type="stmt"/>
        <line num="81" count="0" type="stmt"/>
      </file>
      <file name="TuningForm.jsx" path="C:\Users\Wey\Documents\GitHub\Project1\my-react-app\src\TuningForm.jsx">
        <metrics statements="125" coveredstatements="0" conditionals="1" coveredconditionals="0" methods="1" coveredmethods="0"/>
        <line num="1" count="0" type="cond" truecount="0" falsecount="1"/>
        <line num="2" count="0" type="stmt"/>
        <line num="3" count="0" type="stmt"/>
        <line num="4" count="0" type="stmt"/>
        <line num="5" count="0" type="stmt"/>
        <line num="6" count="0" type="stmt"/>
        <line num="7" count="0" type="stmt"/>
        <line num="8" count="0" type="stmt"/>
        <line num="9" count="0" type="stmt"/>
        <line num="10" count="0" type="stmt"/>
        <line num="11" count="0" type="stmt"/>
        <line num="12" count="0" type="stmt"/>
        <line num="14" count="0" type="stmt"/>
        <line num="15" count="0" type="stmt"/>
        <line num="16" count="0" type="stmt"/>
        <line num="17" count="0" type="stmt"/>
        <line num="18" count="0" type="stmt"/>
        <line num="19" count="0" type="stmt"/>
        <line num="21" count="0" type="stmt"/>
        <line num="22" count="0" type="stmt"/>
        <line num="23" count="0" type="stmt"/>
        <line num="24" count="0" type="stmt"/>
        <line num="25" count="0" type="stmt"/>
        <line num="26" count="0" type="stmt"/>
        <line num="27" count="0" type="stmt"/>
        <line num="49" count="0" type="stmt"/>
        <line num="50" count="0" type="stmt"/>
        <line num="51" count="0" type="stmt"/>
        <line num="52" count="0" type="stmt"/>
        <line num="53" count="0" type="stmt"/>
        <line num="54" count="0" type="stmt"/>
        <line num="55" count="0" type="stmt"/>
        <line num="56" count="0" type="stmt"/>
        <line num="57" count="0" type="stmt"/>
        <line num="58" count="0" type="stmt"/>
        <line num="59" count="0" type="stmt"/>
        <line num="60" count="0" type="stmt"/>
        <line num="61" count="0" type="stmt"/>
        <line num="62" count="0" type="stmt"/>
        <line num="63" count="0" type="stmt"/>
        <line num="64" count="0" type="stmt"/>
        <line num="65" count="0" type="stmt"/>
        <line num="66" count="0" type="stmt"/>
        <line num="67" count="0" type="stmt"/>
        <line num="68" count="0" type="stmt"/>
        <line num="70" count="0" type="stmt"/>
        <line num="71" count="0" type="stmt"/>
        <line num="72" count="0" type="stmt"/>
        <line num="73" count="0" type="stmt"/>
        <line num="74" count="0" type="stmt"/>
        <line num="76" count="0" type="stmt"/>
        <line num="77" count="0" type="stmt"/>
        <line num="78" count="0" type="stmt"/>
        <line num="79" count="0" type="stmt"/>
        <line num="81" count="0" type="stmt"/>
        <line num="82" count="0" type="stmt"/>
        <line num="83" count="0" type="stmt"/>
        <line num="84" count="0" type="stmt"/>
        <line num="85" count="0" type="stmt"/>
        <line num="86" count="0" type="stmt"/>
        <line num="87" count="0" type="stmt"/>
        <line num="88" count="0" type="stmt"/>
        <line num="89" count="0" type="stmt"/>
        <line num="90" count="0" type="stmt"/>
        <line num="92" count="0" type="stmt"/>
        <line num="93" count="0" type="stmt"/>
        <line num="94" count="0" type="stmt"/>
        <line num="95" count="0" type="stmt"/>
        <line num="96" count="0" type="stmt"/>
        <line num="98" count="0" type="stmt"/>
        <line num="99" count="0" type="stmt"/>
        <line num="100" count="0" type="stmt"/>
        <line num="101" count="0" type="stmt"/>
        <line num="102" count="0" type="stmt"/>
        <line num="103" count="0" type="stmt"/>
        <line num="104" count="0" type="stmt"/>
        <line num="105" count="0" type="stmt"/>
        <line num="106" count="0" type="stmt"/>
        <line num="107" count="0" type="stmt"/>
        <line num="108" count="0" type="stmt"/>
        <line num="109" count="0" type="stmt"/>
        <line num="110" count="0" type="stmt"/>
        <line num="111" count="0" type="stmt"/>
        <line num="112" count="0" type="stmt"/>
        <line num="113" count="0" type="stmt"/>
        <line num="114" count="0" type="stmt"/>
        <line num="115" count="0" type="stmt"/>
        <line num="116" count="0" type="stmt"/>
        <line num="117" count="0" type="stmt"/>
        <line num="118" count="0" type="stmt"/>
        <line num="119" count="0" type="stmt"/>
        <line num="120" count="0" type="stmt"/>
        <line num="121" count="0" type="stmt"/>
        <line num="122" count="0" type="stmt"/>
        <line num="123" count="0" type="stmt"/>
        <line num="124" count="0" type="stmt"/>
        <line num="125" count="0" type="stmt"/>
        <line num="126" count="0" type="stmt"/>
        <line num="127" count="0" type="stmt"/>
        <line num="128" count="0" type="stmt"/>
        <line num="129" count="0" type="stmt"/>
        <line num="130" count="0" type="stmt"/>
        <line num="131" count="0" type="stmt"/>
        <line num="132" count="0" type="stmt"/>
        <line num="133" count="0" type="stmt"/>
        <line num="134" count="0" type="stmt"/>
        <line num="135" count="0" type="stmt"/>
        <line num="136" count="0" type="stmt"/>
        <line num="137" count="0" type="stmt"/>
        <line num="138" count="0" type="stmt"/>
        <line num="139" count="0" type="stmt"/>
        <line num="140" count="0" type="stmt"/>
        <line num="141" count="0" type="stmt"/>
        <line num="142" count="0" type="stmt"/>
        <line num="143" count="0" type="stmt"/>
        <line num="144" count="0" type="stmt"/>
        <line num="146" count="0" type="stmt"/>
        <line num="147" count="0" type="stmt"/>
        <line num="148" count="0" type="stmt"/>
        <line num="149" count="0" type="stmt"/>
        <line num="151" count="0" type="stmt"/>
        <line num="152" count="0" type="stmt"/>
        <line num="153" count="0" type="stmt"/>
        <line num="155" count="0" type="stmt"/>
        <line num="157" count="0" type="stmt"/>
      </file>
      <file name="main.jsx" path="C:\Users\Wey\Documents\GitHub\Project1\my-react-app\src\main.jsx">
        <metrics statements="11" coveredstatements="0" conditionals="1" coveredconditionals="0" methods="1" coveredmethods="0"/>
        <line num="1" count="0" type="cond" truecount="0" falsecount="1"/>
        <line num="2" count="0" type="stmt"/>
        <line num="3" count="0" type="stmt"/>
        <line num="4" count="0" type="stmt"/>
        <line num="5" count="0" type="stmt"/>
        <line num="7" count="0" type="stmt"/>
        <line num="8" count="0" type="stmt"/>
        <line num="9" count="0" type="stmt"/>
        <line num="10" count="0" type="stmt"/>
        <line num="11" count="0" type="stmt"/>
        <line num="12" count="0" type="stmt"/>
      </file>
    </package>
    <package name="my-react-app.src.components">
      <metrics statements="95" coveredstatements="94" conditionals="2" coveredconditionals="1" methods="1" coveredmethods="1"/>
      <file name="SmartphonePrediction.jsx" path="C:\Users\Wey\Documents\GitHub\Project1\my-react-app\src\components\SmartphonePrediction.jsx">
        <metrics statements="95" coveredstatements="94" conditionals="2" coveredconditionals="1" methods="1" coveredmethods="1"/>
        <line num="1" count="1" type="stmt"/>
        <line num="3" count="1" type="cond" truecount="1" falsecount="0"/>
        <line num="4" count="1" type="stmt"/>
        <line num="5" count="1" type="stmt"/>
        <line num="6" count="1" type="stmt"/>
        <line num="7" count="1" type="stmt"/>
        <line num="8" count="1" type="stmt"/>
        <line num="9" count="1" type="stmt"/>
        <line num="10" count="1" type="stmt"/>
        <line num="11" count="1" type="stmt"/>
        <line num="12" count="1" type="stmt"/>
        <line num="13" count="1" type="stmt"/>
        <line num="14" count="1" type="stmt"/>
        <line num="15" count="1" type="stmt"/>
        <line num="16" count="1" type="stmt"/>
        <line num="17" count="1" type="stmt"/>
        <line num="18" count="1" type="stmt"/>
        <line num="19" count="1" type="stmt"/>
        <line num="20" count="1" type="stmt"/>
        <line num="21" count="1" type="stmt"/>
        <line num="22" count="1" type="stmt"/>
        <line num="23" count="1" type="stmt"/>
        <line num="24" count="1" type="stmt"/>
        <line num="25" count="1" type="stmt"/>
        <line num="26" count="1" type="stmt"/>
        <line num="27" count="1" type="stmt"/>
        <line num="28" count="1" type="stmt"/>
        <line num="29" count="1" type="stmt"/>
        <line num="30" count="1" type="stmt"/>
        <line num="31" count="1" type="stmt"/>
        <line num="32" count="1" type="stmt"/>
        <line num="33" count="1" type="stmt"/>
        <line num="34" count="1" type="stmt"/>
        <line num="35" count="1" type="stmt"/>
        <line num="36" count="1" type="stmt"/>
        <line num="37" count="1" type="stmt"/>
        <line num="38" count="1" type="stmt"/>
        <line num="39" count="1" type="stmt"/>
        <line num="40" count="1" type="stmt"/>
        <line num="41" count="1" type="stmt"/>
        <line num="42" count="1" type="stmt"/>
        <line num="43" count="1" type="stmt"/>
        <line num="44" count="1" type="stmt"/>
        <line num="45" count="1" type="stmt"/>
        <line num="46" count="1" type="stmt"/>
        <line num="47" count="1" type="stmt"/>
        <line num="48" count="1" type="stmt"/>
        <line num="49" count="1" type="stmt"/>
        <line num="50" count="1" type="stmt"/>
        <line num="51" count="1" type="stmt"/>
        <line num="52" count="1" type="stmt"/>
        <line num="53" count="1" type="stmt"/>
        <line num="54" count="1" type="stmt"/>
        <line num="55" count="1" type="stmt"/>
        <line num="56" count="1" type="stmt"/>
        <line num="57" count="1" type="stmt"/>
        <line num="58" count="1" type="stmt"/>
        <line num="59" count="1" type="stmt"/>
        <line num="60" count="1" type="stmt"/>
        <line num="61" count="1" type="stmt"/>
        <line num="62" count="1" type="stmt"/>
        <line num="63" count="1" type="stmt"/>
        <line num="64" count="1" type="stmt"/>
        <line num="65" count="1" type="stmt"/>
        <line num="66" count="1" type="stmt"/>
        <line num="67" count="1" type="stmt"/>
        <line num="68" count="1" type="stmt"/>
        <line num="69" count="1" type="stmt"/>
        <line num="70" count="1" type="stmt"/>
        <line num="72" count="1" type="stmt"/>
        <line num="73" count="1" type="stmt"/>
        <line num="74" count="1" type="stmt"/>
        <line num="76" count="1" type="stmt"/>
        <line num="77" count="1" type="stmt"/>
        <line num="78" count="1" type="stmt"/>
        <line num="79" count="1" type="stmt"/>
        <line num="80" count="1" type="stmt"/>
        <line num="81" count="1" type="stmt"/>
        <line num="82" count="1" type="stmt"/>
        <line num="83" count="1" type="stmt"/>
        <line num="84" count="1" type="stmt"/>
        <line num="85" count="1" type="stmt"/>
        <line num="86" count="1" type="stmt"/>
        <line num="87" count="1" type="stmt"/>
        <line num="88" count="1" type="stmt"/>
        <line num="89" count="1" type="cond" truecount="0" falsecount="1"/>
        <line num="91" count="0" type="stmt"/>
        <line num="93" count="1" type="stmt"/>
        <line num="94" count="1" type="stmt"/>
        <line num="95" count="1" type="stmt"/>
        <line num="96" count="1" type="stmt"/>
        <line num="98" count="1" type="stmt"/>
        <line num="99" count="1" type="stmt"/>
        <line num="101" count="1" type="stmt"/>
        <line num="103" count="1" type="stmt"/>
      </file>
    </package>
  </project>
</coverage>
