{"C:\\Users\\Wey\\Documents\\GitHub\\Project1\\my-react-app\\tailwind.config.js": {"path":"C:\\Users\\Wey\\Documents\\GitHub\\Project1\\my-react-app\\tailwind.config.js","all":true,"statementMap":{"0":{"start":{"line":1,"column":0},"end":{"line":1,"column":18}},"1":{"start":{"line":2,"column":0},"end":{"line":2,"column":63}},"2":{"start":{"line":3,"column":0},"end":{"line":3,"column":43}},"3":{"start":{"line":4,"column":0},"end":{"line":4,"column":10}},"4":{"start":{"line":5,"column":0},"end":{"line":5,"column":15}},"5":{"start":{"line":6,"column":0},"end":{"line":6,"column":4}},"6":{"start":{"line":7,"column":0},"end":{"line":7,"column":13}},"7":{"start":{"line":8,"column":0},"end":{"line":8,"column":15}},"8":{"start":{"line":9,"column":0},"end":{"line":9,"column":4}},"9":{"start":{"line":10,"column":0},"end":{"line":10,"column":14}},"10":{"start":{"line":11,"column":0},"end":{"line":11,"column":2}}},"s":{"0":0,"1":0,"2":0,"3":0,"4":0,"5":0,"6":0,"7":0,"8":0,"9":0,"10":0},"branchMap":{"0":{"type":"branch","line":1,"loc":{"start":{"line":1,"column":221},"end":{"line":11,"column":2}},"locations":[{"start":{"line":1,"column":221},"end":{"line":11,"column":2}}]}},"b":{"0":[0]},"fnMap":{"0":{"name":"(empty-report)","decl":{"start":{"line":1,"column":221},"end":{"line":11,"column":2}},"loc":{"start":{"line":1,"column":221},"end":{"line":11,"column":2}},"line":1}},"f":{"0":0}}
,"C:\\Users\\Wey\\Documents\\GitHub\\Project1\\my-react-app\\src\\App.jsx": {"path":"C:\\Users\\Wey\\Documents\\GitHub\\Project1\\my-react-app\\src\\App.jsx","all":true,"statementMap":{"0":{"start":{"line":1,"column":0},"end":{"line":1,"column":40}},"1":{"start":{"line":2,"column":0},"end":{"line":2,"column":52}},"2":{"start":{"line":3,"column":0},"end":{"line":3,"column":28}},"3":{"start":{"line":4,"column":0},"end":{"line":4,"column":26}},"4":{"start":{"line":5,"column":0},"end":{"line":5,"column":29}},"5":{"start":{"line":6,"column":0},"end":{"line":6,"column":36}},"6":{"start":{"line":7,"column":0},"end":{"line":7,"column":32}},"8":{"start":{"line":9,"column":0},"end":{"line":9,"column":16}},"9":{"start":{"line":10,"column":0},"end":{"line":10,"column":64}},"10":{"start":{"line":11,"column":0},"end":{"line":11,"column":60}},"11":{"start":{"line":12,"column":0},"end":{"line":12,"column":31}},"14":{"start":{"line":15,"column":0},"end":{"line":15,"column":47}},"16":{"start":{"line":17,"column":0},"end":{"line":17,"column":58}},"17":{"start":{"line":18,"column":0},"end":{"line":18,"column":31}},"18":{"start":{"line":19,"column":0},"end":{"line":19,"column":30}},"19":{"start":{"line":20,"column":0},"end":{"line":20,"column":12}},"20":{"start":{"line":21,"column":0},"end":{"line":21,"column":35}},"21":{"start":{"line":22,"column":0},"end":{"line":22,"column":5}},"22":{"start":{"line":23,"column":0},"end":{"line":23,"column":4}},"24":{"start":{"line":25,"column":0},"end":{"line":25,"column":30}},"25":{"start":{"line":26,"column":0},"end":{"line":26,"column":30}},"26":{"start":{"line":27,"column":0},"end":{"line":27,"column":4}},"27":{"start":{"line":28,"column":0},"end":{"line":28,"column":33}},"28":{"start":{"line":29,"column":0},"end":{"line":29,"column":37}},"29":{"start":{"line":30,"column":0},"end":{"line":30,"column":4}},"31":{"start":{"line":32,"column":0},"end":{"line":32,"column":10}},"32":{"start":{"line":33,"column":0},"end":{"line":33,"column":25}},"33":{"start":{"line":34,"column":0},"end":{"line":34,"column":37}},"34":{"start":{"line":35,"column":0},"end":{"line":35,"column":16}},"35":{"start":{"line":36,"column":0},"end":{"line":36,"column":41}},"36":{"start":{"line":37,"column":0},"end":{"line":37,"column":35}},"37":{"start":{"line":38,"column":0},"end":{"line":38,"column":44}},"38":{"start":{"line":39,"column":0},"end":{"line":39,"column":15}},"39":{"start":{"line":40,"column":0},"end":{"line":40,"column":12}},"40":{"start":{"line":41,"column":0},"end":{"line":41,"column":47}},"41":{"start":{"line":42,"column":0},"end":{"line":42,"column":45}},"43":{"start":{"line":44,"column":0},"end":{"line":44,"column":50}},"44":{"start":{"line":45,"column":0},"end":{"line":45,"column":13}},"45":{"start":{"line":46,"column":0},"end":{"line":46,"column":14}},"46":{"start":{"line":47,"column":0},"end":{"line":47,"column":10}},"48":{"start":{"line":49,"column":0},"end":{"line":49,"column":1}},"50":{"start":{"line":51,"column":0},"end":{"line":51,"column":19}}},"s":{"0":0,"1":0,"2":0,"3":0,"4":0,"5":0,"6":0,"8":0,"9":0,"10":0,"11":0,"14":0,"16":0,"17":0,"18":0,"19":0,"20":0,"21":0,"22":0,"24":0,"25":0,"26":0,"27":0,"28":0,"29":0,"31":0,"32":0,"33":0,"34":0,"35":0,"36":0,"37":0,"38":0,"39":0,"40":0,"41":0,"43":0,"44":0,"45":0,"46":0,"48":0,"50":0},"branchMap":{"0":{"type":"branch","line":1,"loc":{"start":{"line":1,"column":0},"end":{"line":51,"column":-564}},"locations":[{"start":{"line":1,"column":0},"end":{"line":51,"column":-564}}]}},"b":{"0":[0]},"fnMap":{"0":{"name":"(empty-report)","decl":{"start":{"line":1,"column":0},"end":{"line":51,"column":-564}},"loc":{"start":{"line":1,"column":0},"end":{"line":51,"column":-564}},"line":1}},"f":{"0":0}}
,"C:\\Users\\Wey\\Documents\\GitHub\\Project1\\my-react-app\\src\\CombinedComponent.jsx": {"path":"C:\\Users\\Wey\\Documents\\GitHub\\Project1\\my-react-app\\src\\CombinedComponent.jsx","all":true,"statementMap":{"0":{"start":{"line":1,"column":0},"end":{"line":1,"column":51}},"1":{"start":{"line":2,"column":0},"end":{"line":2,"column":38}},"2":{"start":{"line":3,"column":0},"end":{"line":3,"column":48}},"3":{"start":{"line":4,"column":0},"end":{"line":4,"column":72}},"4":{"start":{"line":5,"column":0},"end":{"line":5,"column":30}},"5":{"start":{"line":6,"column":0},"end":{"line":6,"column":45}},"6":{"start":{"line":7,"column":0},"end":{"line":7,"column":43}},"8":{"start":{"line":9,"column":0},"end":{"line":9,"column":48}},"9":{"start":{"line":10,"column":0},"end":{"line":10,"column":9}},"10":{"start":{"line":11,"column":0},"end":{"line":11,"column":61}},"11":{"start":{"line":12,"column":0},"end":{"line":12,"column":23}},"12":{"start":{"line":13,"column":0},"end":{"line":13,"column":23}},"14":{"start":{"line":15,"column":0},"end":{"line":15,"column":9}},"16":{"start":{"line":17,"column":0},"end":{"line":17,"column":41}},"17":{"start":{"line":18,"column":0},"end":{"line":18,"column":24}},"18":{"start":{"line":19,"column":0},"end":{"line":19,"column":24}},"19":{"start":{"line":20,"column":0},"end":{"line":20,"column":23}},"20":{"start":{"line":21,"column":0},"end":{"line":21,"column":55}},"21":{"start":{"line":22,"column":0},"end":{"line":22,"column":14}},"22":{"start":{"line":23,"column":0},"end":{"line":23,"column":24}},"23":{"start":{"line":24,"column":0},"end":{"line":24,"column":52}},"24":{"start":{"line":25,"column":0},"end":{"line":25,"column":57}},"25":{"start":{"line":26,"column":0},"end":{"line":26,"column":7}},"26":{"start":{"line":27,"column":0},"end":{"line":27,"column":19}},"27":{"start":{"line":28,"column":0},"end":{"line":28,"column":22}},"28":{"start":{"line":29,"column":0},"end":{"line":29,"column":62}},"29":{"start":{"line":30,"column":0},"end":{"line":30,"column":46}},"30":{"start":{"line":31,"column":0},"end":{"line":31,"column":5}},"31":{"start":{"line":32,"column":0},"end":{"line":32,"column":4}},"33":{"start":{"line":34,"column":0},"end":{"line":34,"column":10}},"34":{"start":{"line":35,"column":0},"end":{"line":35,"column":43}},"35":{"start":{"line":36,"column":0},"end":{"line":36,"column":48}},"36":{"start":{"line":37,"column":0},"end":{"line":37,"column":18}},"37":{"start":{"line":38,"column":0},"end":{"line":38,"column":45}},"39":{"start":{"line":40,"column":0},"end":{"line":40,"column":17}},"40":{"start":{"line":41,"column":0},"end":{"line":41,"column":66}},"41":{"start":{"line":42,"column":0},"end":{"line":42,"column":73}},"42":{"start":{"line":43,"column":0},"end":{"line":43,"column":76}},"43":{"start":{"line":44,"column":0},"end":{"line":44,"column":14}},"45":{"start":{"line":46,"column":0},"end":{"line":46,"column":10}},"47":{"start":{"line":48,"column":0},"end":{"line":48,"column":1}},"49":{"start":{"line":50,"column":0},"end":{"line":50,"column":33}}},"s":{"0":0,"1":0,"2":0,"3":0,"4":0,"5":0,"6":0,"8":0,"9":0,"10":0,"11":0,"12":0,"14":0,"16":0,"17":0,"18":0,"19":0,"20":0,"21":0,"22":0,"23":0,"24":0,"25":0,"26":0,"27":0,"28":0,"29":0,"30":0,"31":0,"33":0,"34":0,"35":0,"36":0,"37":0,"39":0,"40":0,"41":0,"42":0,"43":0,"45":0,"47":0,"49":0},"branchMap":{"0":{"type":"branch","line":1,"loc":{"start":{"line":1,"column":0},"end":{"line":50,"column":-398}},"locations":[{"start":{"line":1,"column":0},"end":{"line":50,"column":-398}}]}},"b":{"0":[0]},"fnMap":{"0":{"name":"(empty-report)","decl":{"start":{"line":1,"column":0},"end":{"line":50,"column":-398}},"loc":{"start":{"line":1,"column":0},"end":{"line":50,"column":-398}},"line":1}},"f":{"0":0}}
,"C:\\Users\\Wey\\Documents\\GitHub\\Project1\\my-react-app\\src\\Form.jsx": {"path":"C:\\Users\\Wey\\Documents\\GitHub\\Project1\\my-react-app\\src\\Form.jsx","all":false,"statementMap":{"0":{"start":{"line":1,"column":0},"end":{"line":1,"column":57}},"1":{"start":{"line":2,"column":0},"end":{"line":2,"column":51}},"2":{"start":{"line":3,"column":0},"end":{"line":3,"column":32}},"3":{"start":{"line":4,"column":0},"end":{"line":4,"column":69}},"4":{"start":{"line":5,"column":0},"end":{"line":5,"column":48}},"6":{"start":{"line":7,"column":0},"end":{"line":7,"column":45}},"7":{"start":{"line":8,"column":0},"end":{"line":8,"column":17}},"8":{"start":{"line":9,"column":0},"end":{"line":9,"column":44}},"9":{"start":{"line":10,"column":0},"end":{"line":10,"column":15}},"10":{"start":{"line":11,"column":0},"end":{"line":11,"column":17}},"11":{"start":{"line":12,"column":0},"end":{"line":12,"column":22}},"12":{"start":{"line":13,"column":0},"end":{"line":13,"column":19}},"13":{"start":{"line":14,"column":0},"end":{"line":14,"column":15}},"14":{"start":{"line":15,"column":0},"end":{"line":15,"column":13}},"15":{"start":{"line":16,"column":0},"end":{"line":16,"column":19}},"16":{"start":{"line":17,"column":0},"end":{"line":17,"column":19}},"17":{"start":{"line":18,"column":0},"end":{"line":18,"column":19}},"18":{"start":{"line":19,"column":0},"end":{"line":19,"column":24}},"19":{"start":{"line":20,"column":0},"end":{"line":20,"column":21}},"20":{"start":{"line":21,"column":0},"end":{"line":21,"column":29}},"21":{"start":{"line":22,"column":0},"end":{"line":22,"column":21}},"22":{"start":{"line":23,"column":0},"end":{"line":23,"column":5}},"24":{"start":{"line":25,"column":0},"end":{"line":25,"column":55}},"25":{"start":{"line":26,"column":0},"end":{"line":26,"column":60}},"26":{"start":{"line":27,"column":0},"end":{"line":27,"column":48}},"27":{"start":{"line":28,"column":0},"end":{"line":28,"column":56}},"28":{"start":{"line":29,"column":0},"end":{"line":29,"column":53}},"30":{"start":{"line":31,"column":0},"end":{"line":31,"column":35}},"31":{"start":{"line":32,"column":0},"end":{"line":32,"column":56}},"32":{"start":{"line":33,"column":0},"end":{"line":33,"column":30}},"33":{"start":{"line":34,"column":0},"end":{"line":34,"column":37}},"34":{"start":{"line":35,"column":0},"end":{"line":35,"column":33}},"35":{"start":{"line":36,"column":0},"end":{"line":36,"column":42}},"36":{"start":{"line":37,"column":0},"end":{"line":37,"column":64}},"37":{"start":{"line":38,"column":0},"end":{"line":38,"column":54}},"38":{"start":{"line":39,"column":0},"end":{"line":39,"column":9}},"39":{"start":{"line":40,"column":0},"end":{"line":40,"column":12}},"40":{"start":{"line":41,"column":0},"end":{"line":41,"column":74}},"41":{"start":{"line":42,"column":0},"end":{"line":42,"column":5}},"42":{"start":{"line":43,"column":0},"end":{"line":43,"column":4}},"44":{"start":{"line":45,"column":0},"end":{"line":45,"column":30}},"45":{"start":{"line":46,"column":0},"end":{"line":46,"column":8}},"46":{"start":{"line":47,"column":0},"end":{"line":47,"column":25}},"47":{"start":{"line":48,"column":0},"end":{"line":48,"column":27}},"48":{"start":{"line":49,"column":0},"end":{"line":49,"column":32}},"49":{"start":{"line":50,"column":0},"end":{"line":50,"column":29}},"50":{"start":{"line":51,"column":0},"end":{"line":51,"column":23}},"51":{"start":{"line":52,"column":0},"end":{"line":52,"column":25}},"52":{"start":{"line":53,"column":0},"end":{"line":53,"column":29}},"53":{"start":{"line":54,"column":0},"end":{"line":54,"column":29}},"54":{"start":{"line":55,"column":0},"end":{"line":55,"column":29}},"55":{"start":{"line":56,"column":0},"end":{"line":56,"column":34}},"56":{"start":{"line":57,"column":0},"end":{"line":57,"column":31}},"57":{"start":{"line":58,"column":0},"end":{"line":58,"column":39}},"58":{"start":{"line":59,"column":0},"end":{"line":59,"column":28}},"59":{"start":{"line":60,"column":0},"end":{"line":60,"column":7}},"60":{"start":{"line":61,"column":0},"end":{"line":61,"column":51}},"61":{"start":{"line":62,"column":0},"end":{"line":62,"column":19}},"62":{"start":{"line":63,"column":0},"end":{"line":63,"column":5}},"63":{"start":{"line":64,"column":0},"end":{"line":64,"column":16}},"64":{"start":{"line":65,"column":0},"end":{"line":65,"column":4}},"65":{"start":{"line":66,"column":0},"end":{"line":66,"column":41}},"66":{"start":{"line":67,"column":0},"end":{"line":67,"column":27}},"68":{"start":{"line":69,"column":0},"end":{"line":69,"column":18}},"69":{"start":{"line":70,"column":0},"end":{"line":70,"column":47}},"70":{"start":{"line":71,"column":0},"end":{"line":71,"column":48}},"71":{"start":{"line":72,"column":0},"end":{"line":72,"column":49}},"72":{"start":{"line":73,"column":0},"end":{"line":73,"column":59}},"73":{"start":{"line":74,"column":0},"end":{"line":74,"column":59}},"74":{"start":{"line":75,"column":0},"end":{"line":75,"column":59}},"75":{"start":{"line":76,"column":0},"end":{"line":76,"column":59}},"76":{"start":{"line":77,"column":0},"end":{"line":77,"column":59}},"77":{"start":{"line":78,"column":0},"end":{"line":78,"column":62}},"78":{"start":{"line":79,"column":0},"end":{"line":79,"column":58}},"79":{"start":{"line":80,"column":0},"end":{"line":80,"column":59}},"80":{"start":{"line":81,"column":0},"end":{"line":81,"column":63}},"81":{"start":{"line":82,"column":0},"end":{"line":82,"column":65}},"82":{"start":{"line":83,"column":0},"end":{"line":83,"column":69}},"83":{"start":{"line":84,"column":0},"end":{"line":84,"column":68}},"84":{"start":{"line":85,"column":0},"end":{"line":85,"column":66}},"85":{"start":{"line":86,"column":0},"end":{"line":86,"column":68}},"86":{"start":{"line":87,"column":0},"end":{"line":87,"column":73}},"87":{"start":{"line":88,"column":0},"end":{"line":88,"column":77}},"88":{"start":{"line":89,"column":0},"end":{"line":89,"column":74}},"89":{"start":{"line":90,"column":0},"end":{"line":90,"column":74}},"90":{"start":{"line":91,"column":0},"end":{"line":91,"column":74}},"91":{"start":{"line":92,"column":0},"end":{"line":92,"column":74}},"92":{"start":{"line":93,"column":0},"end":{"line":93,"column":74}},"93":{"start":{"line":94,"column":0},"end":{"line":94,"column":79}},"94":{"start":{"line":95,"column":0},"end":{"line":95,"column":69}},"95":{"start":{"line":96,"column":0},"end":{"line":96,"column":19}},"96":{"start":{"line":97,"column":0},"end":{"line":97,"column":7}},"97":{"start":{"line":98,"column":0},"end":{"line":98,"column":11}},"98":{"start":{"line":99,"column":0},"end":{"line":99,"column":12}},"99":{"start":{"line":100,"column":0},"end":{"line":100,"column":80}},"100":{"start":{"line":101,"column":0},"end":{"line":101,"column":11}},"101":{"start":{"line":102,"column":0},"end":{"line":102,"column":12}},"102":{"start":{"line":103,"column":0},"end":{"line":103,"column":79}},"103":{"start":{"line":104,"column":0},"end":{"line":104,"column":11}},"104":{"start":{"line":105,"column":0},"end":{"line":105,"column":12}},"105":{"start":{"line":106,"column":0},"end":{"line":106,"column":80}},"106":{"start":{"line":107,"column":0},"end":{"line":107,"column":11}},"107":{"start":{"line":108,"column":0},"end":{"line":108,"column":12}},"108":{"start":{"line":109,"column":0},"end":{"line":109,"column":69}},"109":{"start":{"line":110,"column":0},"end":{"line":110,"column":28}},"110":{"start":{"line":111,"column":0},"end":{"line":111,"column":7}},"111":{"start":{"line":112,"column":0},"end":{"line":112,"column":11}},"112":{"start":{"line":113,"column":0},"end":{"line":113,"column":12}},"113":{"start":{"line":114,"column":0},"end":{"line":114,"column":79}},"114":{"start":{"line":115,"column":0},"end":{"line":115,"column":11}},"115":{"start":{"line":116,"column":0},"end":{"line":116,"column":12}},"116":{"start":{"line":117,"column":0},"end":{"line":117,"column":80}},"117":{"start":{"line":118,"column":0},"end":{"line":118,"column":11}},"118":{"start":{"line":119,"column":0},"end":{"line":119,"column":12}},"119":{"start":{"line":120,"column":0},"end":{"line":120,"column":78}},"120":{"start":{"line":121,"column":0},"end":{"line":121,"column":11}},"121":{"start":{"line":122,"column":0},"end":{"line":122,"column":12}},"122":{"start":{"line":123,"column":0},"end":{"line":123,"column":80}},"123":{"start":{"line":124,"column":0},"end":{"line":124,"column":11}},"124":{"start":{"line":125,"column":0},"end":{"line":125,"column":12}},"125":{"start":{"line":126,"column":0},"end":{"line":126,"column":78}},"126":{"start":{"line":127,"column":0},"end":{"line":127,"column":11}},"127":{"start":{"line":128,"column":0},"end":{"line":128,"column":12}},"128":{"start":{"line":129,"column":0},"end":{"line":129,"column":51}},"129":{"start":{"line":130,"column":0},"end":{"line":130,"column":65}},"130":{"start":{"line":131,"column":0},"end":{"line":131,"column":51}},"131":{"start":{"line":132,"column":0},"end":{"line":132,"column":56}},"132":{"start":{"line":133,"column":0},"end":{"line":133,"column":51}},"133":{"start":{"line":134,"column":0},"end":{"line":134,"column":69}},"134":{"start":{"line":135,"column":0},"end":{"line":135,"column":51}},"135":{"start":{"line":136,"column":0},"end":{"line":136,"column":69}},"136":{"start":{"line":137,"column":0},"end":{"line":137,"column":51}},"137":{"start":{"line":138,"column":0},"end":{"line":138,"column":74}},"138":{"start":{"line":139,"column":0},"end":{"line":139,"column":51}},"139":{"start":{"line":140,"column":0},"end":{"line":140,"column":62}},"140":{"start":{"line":141,"column":0},"end":{"line":141,"column":44}},"141":{"start":{"line":142,"column":0},"end":{"line":142,"column":56}},"142":{"start":{"line":143,"column":0},"end":{"line":143,"column":44}},"143":{"start":{"line":144,"column":0},"end":{"line":144,"column":56}},"144":{"start":{"line":145,"column":0},"end":{"line":145,"column":44}},"145":{"start":{"line":146,"column":0},"end":{"line":146,"column":56}},"146":{"start":{"line":147,"column":0},"end":{"line":147,"column":44}},"147":{"start":{"line":148,"column":0},"end":{"line":148,"column":60}},"148":{"start":{"line":149,"column":0},"end":{"line":149,"column":45}},"149":{"start":{"line":150,"column":0},"end":{"line":150,"column":58}},"150":{"start":{"line":151,"column":0},"end":{"line":151,"column":45}},"151":{"start":{"line":152,"column":0},"end":{"line":152,"column":49}},"152":{"start":{"line":153,"column":0},"end":{"line":153,"column":45}},"153":{"start":{"line":154,"column":0},"end":{"line":154,"column":52}},"154":{"start":{"line":155,"column":0},"end":{"line":155,"column":59}},"155":{"start":{"line":156,"column":0},"end":{"line":156,"column":52}},"156":{"start":{"line":157,"column":0},"end":{"line":157,"column":59}},"157":{"start":{"line":158,"column":0},"end":{"line":158,"column":59}},"158":{"start":{"line":159,"column":0},"end":{"line":159,"column":59}},"159":{"start":{"line":160,"column":0},"end":{"line":160,"column":61}},"160":{"start":{"line":161,"column":0},"end":{"line":161,"column":54}},"161":{"start":{"line":162,"column":0},"end":{"line":162,"column":54}},"162":{"start":{"line":163,"column":0},"end":{"line":163,"column":54}},"163":{"start":{"line":164,"column":0},"end":{"line":164,"column":54}},"164":{"start":{"line":165,"column":0},"end":{"line":165,"column":54}},"165":{"start":{"line":166,"column":0},"end":{"line":166,"column":54}},"166":{"start":{"line":167,"column":0},"end":{"line":167,"column":54}},"167":{"start":{"line":168,"column":0},"end":{"line":168,"column":54}},"168":{"start":{"line":169,"column":0},"end":{"line":169,"column":54}},"169":{"start":{"line":170,"column":0},"end":{"line":170,"column":54}},"170":{"start":{"line":171,"column":0},"end":{"line":171,"column":39}},"171":{"start":{"line":172,"column":0},"end":{"line":172,"column":41}},"172":{"start":{"line":173,"column":0},"end":{"line":173,"column":53}},"173":{"start":{"line":174,"column":0},"end":{"line":174,"column":13}},"174":{"start":{"line":175,"column":0},"end":{"line":175,"column":14}},"175":{"start":{"line":176,"column":0},"end":{"line":176,"column":39}},"176":{"start":{"line":177,"column":0},"end":{"line":177,"column":79}},"177":{"start":{"line":178,"column":0},"end":{"line":178,"column":13}},"178":{"start":{"line":179,"column":0},"end":{"line":179,"column":14}},"179":{"start":{"line":180,"column":0},"end":{"line":180,"column":39}},"180":{"start":{"line":181,"column":0},"end":{"line":181,"column":41}},"181":{"start":{"line":182,"column":0},"end":{"line":182,"column":66}},"182":{"start":{"line":183,"column":0},"end":{"line":183,"column":13}},"183":{"start":{"line":184,"column":0},"end":{"line":184,"column":14}},"184":{"start":{"line":185,"column":0},"end":{"line":185,"column":39}},"185":{"start":{"line":186,"column":0},"end":{"line":186,"column":41}},"186":{"start":{"line":187,"column":0},"end":{"line":187,"column":51}},"187":{"start":{"line":188,"column":0},"end":{"line":188,"column":13}},"188":{"start":{"line":189,"column":0},"end":{"line":189,"column":14}},"189":{"start":{"line":190,"column":0},"end":{"line":190,"column":43}},"190":{"start":{"line":191,"column":0},"end":{"line":191,"column":50}},"191":{"start":{"line":192,"column":0},"end":{"line":192,"column":43}},"192":{"start":{"line":193,"column":0},"end":{"line":193,"column":52}},"193":{"start":{"line":194,"column":0},"end":{"line":194,"column":43}},"194":{"start":{"line":195,"column":0},"end":{"line":195,"column":49}},"195":{"start":{"line":196,"column":0},"end":{"line":196,"column":43}},"196":{"start":{"line":197,"column":0},"end":{"line":197,"column":49}},"197":{"start":{"line":198,"column":0},"end":{"line":198,"column":43}},"198":{"start":{"line":199,"column":0},"end":{"line":199,"column":51}},"199":{"start":{"line":200,"column":0},"end":{"line":200,"column":43}},"200":{"start":{"line":201,"column":0},"end":{"line":201,"column":50}},"201":{"start":{"line":202,"column":0},"end":{"line":202,"column":6}},"202":{"start":{"line":203,"column":0},"end":{"line":203,"column":26}},"203":{"start":{"line":204,"column":0},"end":{"line":204,"column":13}},"204":{"start":{"line":205,"column":0},"end":{"line":205,"column":5}},"205":{"start":{"line":206,"column":0},"end":{"line":206,"column":24}},"206":{"start":{"line":207,"column":0},"end":{"line":207,"column":21}},"208":{"start":{"line":209,"column":0},"end":{"line":209,"column":9}},"209":{"start":{"line":210,"column":0},"end":{"line":210,"column":58}},"210":{"start":{"line":211,"column":0},"end":{"line":211,"column":23}},"211":{"start":{"line":212,"column":0},"end":{"line":212,"column":18}},"212":{"start":{"line":213,"column":0},"end":{"line":213,"column":45}},"213":{"start":{"line":214,"column":0},"end":{"line":214,"column":10}},"214":{"start":{"line":215,"column":0},"end":{"line":215,"column":62}},"215":{"start":{"line":216,"column":0},"end":{"line":216,"column":9}},"217":{"start":{"line":218,"column":0},"end":{"line":218,"column":25}},"218":{"start":{"line":219,"column":0},"end":{"line":219,"column":66}},"219":{"start":{"line":220,"column":0},"end":{"line":220,"column":7}},"221":{"start":{"line":222,"column":0},"end":{"line":222,"column":43}},"222":{"start":{"line":223,"column":0},"end":{"line":223,"column":85}},"223":{"start":{"line":224,"column":0},"end":{"line":224,"column":29}},"224":{"start":{"line":225,"column":0},"end":{"line":225,"column":41}},"225":{"start":{"line":226,"column":0},"end":{"line":226,"column":21}},"226":{"start":{"line":227,"column":0},"end":{"line":227,"column":75}},"227":{"start":{"line":228,"column":0},"end":{"line":228,"column":37}},"229":{"start":{"line":230,"column":0},"end":{"line":230,"column":60}},"231":{"start":{"line":232,"column":0},"end":{"line":232,"column":54}},"232":{"start":{"line":233,"column":0},"end":{"line":233,"column":56}},"233":{"start":{"line":234,"column":0},"end":{"line":234,"column":67}},"235":{"start":{"line":236,"column":0},"end":{"line":236,"column":71}},"236":{"start":{"line":237,"column":0},"end":{"line":237,"column":14}},"238":{"start":{"line":239,"column":0},"end":{"line":239,"column":14}},"239":{"start":{"line":240,"column":0},"end":{"line":240,"column":89}},"240":{"start":{"line":241,"column":0},"end":{"line":241,"column":10}},"241":{"start":{"line":242,"column":0},"end":{"line":242,"column":7}},"242":{"start":{"line":243,"column":0},"end":{"line":243,"column":15}},"243":{"start":{"line":244,"column":0},"end":{"line":244,"column":24}},"244":{"start":{"line":245,"column":0},"end":{"line":245,"column":5}},"245":{"start":{"line":246,"column":0},"end":{"line":246,"column":4}},"247":{"start":{"line":248,"column":0},"end":{"line":248,"column":37}},"248":{"start":{"line":249,"column":0},"end":{"line":249,"column":59}},"249":{"start":{"line":250,"column":0},"end":{"line":250,"column":57}},"250":{"start":{"line":251,"column":0},"end":{"line":251,"column":41}},"251":{"start":{"line":252,"column":0},"end":{"line":252,"column":4}},"253":{"start":{"line":254,"column":0},"end":{"line":254,"column":10}},"254":{"start":{"line":255,"column":0},"end":{"line":255,"column":79}},"255":{"start":{"line":256,"column":0},"end":{"line":256,"column":70}},"256":{"start":{"line":257,"column":0},"end":{"line":257,"column":27}},"257":{"start":{"line":258,"column":0},"end":{"line":258,"column":72}},"258":{"start":{"line":259,"column":0},"end":{"line":259,"column":41}},"259":{"start":{"line":260,"column":0},"end":{"line":260,"column":65}},"260":{"start":{"line":261,"column":0},"end":{"line":261,"column":50}},"261":{"start":{"line":262,"column":0},"end":{"line":262,"column":28}},"262":{"start":{"line":263,"column":0},"end":{"line":263,"column":86}},"264":{"start":{"line":265,"column":0},"end":{"line":265,"column":29}},"265":{"start":{"line":266,"column":0},"end":{"line":266,"column":52}},"266":{"start":{"line":267,"column":0},"end":{"line":267,"column":28}},"267":{"start":{"line":268,"column":0},"end":{"line":268,"column":85}},"268":{"start":{"line":269,"column":0},"end":{"line":269,"column":40}},"269":{"start":{"line":270,"column":0},"end":{"line":270,"column":23}},"271":{"start":{"line":272,"column":0},"end":{"line":272,"column":30}},"272":{"start":{"line":273,"column":0},"end":{"line":273,"column":29}},"273":{"start":{"line":274,"column":0},"end":{"line":274,"column":35}},"274":{"start":{"line":275,"column":0},"end":{"line":275,"column":37}},"275":{"start":{"line":276,"column":0},"end":{"line":276,"column":47}},"276":{"start":{"line":277,"column":0},"end":{"line":277,"column":47}},"278":{"start":{"line":279,"column":0},"end":{"line":279,"column":58}},"279":{"start":{"line":280,"column":0},"end":{"line":280,"column":56}},"280":{"start":{"line":281,"column":0},"end":{"line":281,"column":58}},"281":{"start":{"line":282,"column":0},"end":{"line":282,"column":60}},"282":{"start":{"line":283,"column":0},"end":{"line":283,"column":31}},"283":{"start":{"line":284,"column":0},"end":{"line":284,"column":26}},"285":{"start":{"line":286,"column":0},"end":{"line":286,"column":52}},"286":{"start":{"line":287,"column":0},"end":{"line":287,"column":66}},"288":{"start":{"line":289,"column":0},"end":{"line":289,"column":30}},"289":{"start":{"line":290,"column":0},"end":{"line":290,"column":49}},"290":{"start":{"line":291,"column":0},"end":{"line":291,"column":67}},"291":{"start":{"line":292,"column":0},"end":{"line":292,"column":71}},"292":{"start":{"line":293,"column":0},"end":{"line":293,"column":34}},"293":{"start":{"line":294,"column":0},"end":{"line":294,"column":42}},"294":{"start":{"line":295,"column":0},"end":{"line":295,"column":45}},"295":{"start":{"line":296,"column":0},"end":{"line":296,"column":46}},"296":{"start":{"line":297,"column":0},"end":{"line":297,"column":72}},"297":{"start":{"line":298,"column":0},"end":{"line":298,"column":53}},"298":{"start":{"line":299,"column":0},"end":{"line":299,"column":103}},"299":{"start":{"line":300,"column":0},"end":{"line":300,"column":30}},"301":{"start":{"line":302,"column":0},"end":{"line":302,"column":34}},"302":{"start":{"line":303,"column":0},"end":{"line":303,"column":30}},"303":{"start":{"line":304,"column":0},"end":{"line":304,"column":67}},"304":{"start":{"line":305,"column":0},"end":{"line":305,"column":71}},"305":{"start":{"line":306,"column":0},"end":{"line":306,"column":34}},"306":{"start":{"line":307,"column":0},"end":{"line":307,"column":42}},"307":{"start":{"line":308,"column":0},"end":{"line":308,"column":45}},"308":{"start":{"line":309,"column":0},"end":{"line":309,"column":46}},"309":{"start":{"line":310,"column":0},"end":{"line":310,"column":72}},"310":{"start":{"line":311,"column":0},"end":{"line":311,"column":53}},"311":{"start":{"line":312,"column":0},"end":{"line":312,"column":103}},"312":{"start":{"line":313,"column":0},"end":{"line":313,"column":30}},"314":{"start":{"line":315,"column":0},"end":{"line":315,"column":34}},"315":{"start":{"line":316,"column":0},"end":{"line":316,"column":30}},"316":{"start":{"line":317,"column":0},"end":{"line":317,"column":67}},"317":{"start":{"line":318,"column":0},"end":{"line":318,"column":71}},"318":{"start":{"line":319,"column":0},"end":{"line":319,"column":34}},"319":{"start":{"line":320,"column":0},"end":{"line":320,"column":42}},"320":{"start":{"line":321,"column":0},"end":{"line":321,"column":45}},"321":{"start":{"line":322,"column":0},"end":{"line":322,"column":46}},"322":{"start":{"line":323,"column":0},"end":{"line":323,"column":72}},"323":{"start":{"line":324,"column":0},"end":{"line":324,"column":53}},"324":{"start":{"line":325,"column":0},"end":{"line":325,"column":103}},"325":{"start":{"line":326,"column":0},"end":{"line":326,"column":30}},"327":{"start":{"line":328,"column":0},"end":{"line":328,"column":34}},"328":{"start":{"line":329,"column":0},"end":{"line":329,"column":30}},"329":{"start":{"line":330,"column":0},"end":{"line":330,"column":67}},"330":{"start":{"line":331,"column":0},"end":{"line":331,"column":71}},"331":{"start":{"line":332,"column":0},"end":{"line":332,"column":34}},"332":{"start":{"line":333,"column":0},"end":{"line":333,"column":42}},"333":{"start":{"line":334,"column":0},"end":{"line":334,"column":45}},"334":{"start":{"line":335,"column":0},"end":{"line":335,"column":46}},"335":{"start":{"line":336,"column":0},"end":{"line":336,"column":72}},"336":{"start":{"line":337,"column":0},"end":{"line":337,"column":53}},"337":{"start":{"line":338,"column":0},"end":{"line":338,"column":103}},"338":{"start":{"line":339,"column":0},"end":{"line":339,"column":30}},"340":{"start":{"line":341,"column":0},"end":{"line":341,"column":34}},"341":{"start":{"line":342,"column":0},"end":{"line":342,"column":30}},"342":{"start":{"line":343,"column":0},"end":{"line":343,"column":67}},"343":{"start":{"line":344,"column":0},"end":{"line":344,"column":71}},"344":{"start":{"line":345,"column":0},"end":{"line":345,"column":34}},"345":{"start":{"line":346,"column":0},"end":{"line":346,"column":42}},"346":{"start":{"line":347,"column":0},"end":{"line":347,"column":45}},"347":{"start":{"line":348,"column":0},"end":{"line":348,"column":46}},"348":{"start":{"line":349,"column":0},"end":{"line":349,"column":72}},"349":{"start":{"line":350,"column":0},"end":{"line":350,"column":53}},"350":{"start":{"line":351,"column":0},"end":{"line":351,"column":103}},"351":{"start":{"line":352,"column":0},"end":{"line":352,"column":30}},"353":{"start":{"line":354,"column":0},"end":{"line":354,"column":34}},"354":{"start":{"line":355,"column":0},"end":{"line":355,"column":30}},"355":{"start":{"line":356,"column":0},"end":{"line":356,"column":67}},"356":{"start":{"line":357,"column":0},"end":{"line":357,"column":71}},"357":{"start":{"line":358,"column":0},"end":{"line":358,"column":34}},"358":{"start":{"line":359,"column":0},"end":{"line":359,"column":42}},"359":{"start":{"line":360,"column":0},"end":{"line":360,"column":45}},"360":{"start":{"line":361,"column":0},"end":{"line":361,"column":49}},"361":{"start":{"line":362,"column":0},"end":{"line":362,"column":75}},"362":{"start":{"line":363,"column":0},"end":{"line":363,"column":53}},"363":{"start":{"line":364,"column":0},"end":{"line":364,"column":103}},"364":{"start":{"line":365,"column":0},"end":{"line":365,"column":30}},"366":{"start":{"line":367,"column":0},"end":{"line":367,"column":34}},"367":{"start":{"line":368,"column":0},"end":{"line":368,"column":30}},"368":{"start":{"line":369,"column":0},"end":{"line":369,"column":28}},"369":{"start":{"line":370,"column":0},"end":{"line":370,"column":26}},"370":{"start":{"line":371,"column":0},"end":{"line":371,"column":52}},"371":{"start":{"line":372,"column":0},"end":{"line":372,"column":66}},"373":{"start":{"line":374,"column":0},"end":{"line":374,"column":30}},"374":{"start":{"line":375,"column":0},"end":{"line":375,"column":49}},"375":{"start":{"line":376,"column":0},"end":{"line":376,"column":67}},"376":{"start":{"line":377,"column":0},"end":{"line":377,"column":71}},"377":{"start":{"line":378,"column":0},"end":{"line":378,"column":34}},"378":{"start":{"line":379,"column":0},"end":{"line":379,"column":42}},"379":{"start":{"line":380,"column":0},"end":{"line":380,"column":50}},"380":{"start":{"line":381,"column":0},"end":{"line":381,"column":41}},"381":{"start":{"line":382,"column":0},"end":{"line":382,"column":72}},"382":{"start":{"line":383,"column":0},"end":{"line":383,"column":53}},"383":{"start":{"line":384,"column":0},"end":{"line":384,"column":103}},"384":{"start":{"line":385,"column":0},"end":{"line":385,"column":30}},"386":{"start":{"line":387,"column":0},"end":{"line":387,"column":34}},"387":{"start":{"line":388,"column":0},"end":{"line":388,"column":30}},"388":{"start":{"line":389,"column":0},"end":{"line":389,"column":67}},"389":{"start":{"line":390,"column":0},"end":{"line":390,"column":71}},"390":{"start":{"line":391,"column":0},"end":{"line":391,"column":34}},"391":{"start":{"line":392,"column":0},"end":{"line":392,"column":42}},"392":{"start":{"line":393,"column":0},"end":{"line":393,"column":50}},"393":{"start":{"line":394,"column":0},"end":{"line":394,"column":42}},"394":{"start":{"line":395,"column":0},"end":{"line":395,"column":73}},"395":{"start":{"line":396,"column":0},"end":{"line":396,"column":53}},"396":{"start":{"line":397,"column":0},"end":{"line":397,"column":103}},"397":{"start":{"line":398,"column":0},"end":{"line":398,"column":30}},"399":{"start":{"line":400,"column":0},"end":{"line":400,"column":34}},"400":{"start":{"line":401,"column":0},"end":{"line":401,"column":30}},"401":{"start":{"line":402,"column":0},"end":{"line":402,"column":67}},"402":{"start":{"line":403,"column":0},"end":{"line":403,"column":71}},"403":{"start":{"line":404,"column":0},"end":{"line":404,"column":34}},"404":{"start":{"line":405,"column":0},"end":{"line":405,"column":42}},"405":{"start":{"line":406,"column":0},"end":{"line":406,"column":50}},"406":{"start":{"line":407,"column":0},"end":{"line":407,"column":46}},"407":{"start":{"line":408,"column":0},"end":{"line":408,"column":77}},"408":{"start":{"line":409,"column":0},"end":{"line":409,"column":53}},"409":{"start":{"line":410,"column":0},"end":{"line":410,"column":103}},"410":{"start":{"line":411,"column":0},"end":{"line":411,"column":30}},"412":{"start":{"line":413,"column":0},"end":{"line":413,"column":34}},"413":{"start":{"line":414,"column":0},"end":{"line":414,"column":30}},"414":{"start":{"line":415,"column":0},"end":{"line":415,"column":67}},"415":{"start":{"line":416,"column":0},"end":{"line":416,"column":71}},"416":{"start":{"line":417,"column":0},"end":{"line":417,"column":34}},"417":{"start":{"line":418,"column":0},"end":{"line":418,"column":42}},"418":{"start":{"line":419,"column":0},"end":{"line":419,"column":50}},"419":{"start":{"line":420,"column":0},"end":{"line":420,"column":48}},"420":{"start":{"line":421,"column":0},"end":{"line":421,"column":79}},"421":{"start":{"line":422,"column":0},"end":{"line":422,"column":53}},"422":{"start":{"line":423,"column":0},"end":{"line":423,"column":103}},"423":{"start":{"line":424,"column":0},"end":{"line":424,"column":30}},"425":{"start":{"line":426,"column":0},"end":{"line":426,"column":34}},"426":{"start":{"line":427,"column":0},"end":{"line":427,"column":30}},"427":{"start":{"line":428,"column":0},"end":{"line":428,"column":28}},"428":{"start":{"line":429,"column":0},"end":{"line":429,"column":26}},"429":{"start":{"line":430,"column":0},"end":{"line":430,"column":52}},"430":{"start":{"line":431,"column":0},"end":{"line":431,"column":66}},"432":{"start":{"line":433,"column":0},"end":{"line":433,"column":30}},"433":{"start":{"line":434,"column":0},"end":{"line":434,"column":49}},"434":{"start":{"line":435,"column":0},"end":{"line":435,"column":67}},"435":{"start":{"line":436,"column":0},"end":{"line":436,"column":71}},"436":{"start":{"line":437,"column":0},"end":{"line":437,"column":34}},"437":{"start":{"line":438,"column":0},"end":{"line":438,"column":42}},"438":{"start":{"line":439,"column":0},"end":{"line":439,"column":47}},"439":{"start":{"line":440,"column":0},"end":{"line":440,"column":57}},"440":{"start":{"line":441,"column":0},"end":{"line":441,"column":39}},"441":{"start":{"line":442,"column":0},"end":{"line":442,"column":77}},"443":{"start":{"line":444,"column":0},"end":{"line":444,"column":53}},"444":{"start":{"line":445,"column":0},"end":{"line":445,"column":103}},"445":{"start":{"line":446,"column":0},"end":{"line":446,"column":30}},"447":{"start":{"line":448,"column":0},"end":{"line":448,"column":34}},"448":{"start":{"line":449,"column":0},"end":{"line":449,"column":30}},"449":{"start":{"line":450,"column":0},"end":{"line":450,"column":67}},"450":{"start":{"line":451,"column":0},"end":{"line":451,"column":71}},"451":{"start":{"line":452,"column":0},"end":{"line":452,"column":34}},"452":{"start":{"line":453,"column":0},"end":{"line":453,"column":42}},"453":{"start":{"line":454,"column":0},"end":{"line":454,"column":47}},"454":{"start":{"line":455,"column":0},"end":{"line":455,"column":56}},"455":{"start":{"line":456,"column":0},"end":{"line":456,"column":39}},"456":{"start":{"line":457,"column":0},"end":{"line":457,"column":76}},"458":{"start":{"line":459,"column":0},"end":{"line":459,"column":53}},"459":{"start":{"line":460,"column":0},"end":{"line":460,"column":103}},"460":{"start":{"line":461,"column":0},"end":{"line":461,"column":30}},"462":{"start":{"line":463,"column":0},"end":{"line":463,"column":34}},"463":{"start":{"line":464,"column":0},"end":{"line":464,"column":30}},"464":{"start":{"line":465,"column":0},"end":{"line":465,"column":67}},"465":{"start":{"line":466,"column":0},"end":{"line":466,"column":71}},"466":{"start":{"line":467,"column":0},"end":{"line":467,"column":34}},"467":{"start":{"line":468,"column":0},"end":{"line":468,"column":42}},"468":{"start":{"line":469,"column":0},"end":{"line":469,"column":47}},"469":{"start":{"line":470,"column":0},"end":{"line":470,"column":54}},"470":{"start":{"line":471,"column":0},"end":{"line":471,"column":39}},"471":{"start":{"line":472,"column":0},"end":{"line":472,"column":74}},"473":{"start":{"line":474,"column":0},"end":{"line":474,"column":53}},"474":{"start":{"line":475,"column":0},"end":{"line":475,"column":103}},"475":{"start":{"line":476,"column":0},"end":{"line":476,"column":30}},"477":{"start":{"line":478,"column":0},"end":{"line":478,"column":34}},"478":{"start":{"line":479,"column":0},"end":{"line":479,"column":30}},"479":{"start":{"line":480,"column":0},"end":{"line":480,"column":67}},"480":{"start":{"line":481,"column":0},"end":{"line":481,"column":71}},"481":{"start":{"line":482,"column":0},"end":{"line":482,"column":34}},"482":{"start":{"line":483,"column":0},"end":{"line":483,"column":42}},"483":{"start":{"line":484,"column":0},"end":{"line":484,"column":47}},"484":{"start":{"line":485,"column":0},"end":{"line":485,"column":56}},"485":{"start":{"line":486,"column":0},"end":{"line":486,"column":39}},"486":{"start":{"line":487,"column":0},"end":{"line":487,"column":76}},"488":{"start":{"line":489,"column":0},"end":{"line":489,"column":53}},"489":{"start":{"line":490,"column":0},"end":{"line":490,"column":103}},"490":{"start":{"line":491,"column":0},"end":{"line":491,"column":30}},"492":{"start":{"line":493,"column":0},"end":{"line":493,"column":34}},"493":{"start":{"line":494,"column":0},"end":{"line":494,"column":30}},"494":{"start":{"line":495,"column":0},"end":{"line":495,"column":67}},"495":{"start":{"line":496,"column":0},"end":{"line":496,"column":71}},"496":{"start":{"line":497,"column":0},"end":{"line":497,"column":34}},"497":{"start":{"line":498,"column":0},"end":{"line":498,"column":42}},"498":{"start":{"line":499,"column":0},"end":{"line":499,"column":47}},"499":{"start":{"line":500,"column":0},"end":{"line":500,"column":61}},"500":{"start":{"line":501,"column":0},"end":{"line":501,"column":39}},"501":{"start":{"line":502,"column":0},"end":{"line":502,"column":55}},"502":{"start":{"line":503,"column":0},"end":{"line":503,"column":57}},"504":{"start":{"line":505,"column":0},"end":{"line":505,"column":53}},"505":{"start":{"line":506,"column":0},"end":{"line":506,"column":103}},"506":{"start":{"line":507,"column":0},"end":{"line":507,"column":30}},"508":{"start":{"line":509,"column":0},"end":{"line":509,"column":34}},"509":{"start":{"line":510,"column":0},"end":{"line":510,"column":30}},"510":{"start":{"line":511,"column":0},"end":{"line":511,"column":67}},"511":{"start":{"line":512,"column":0},"end":{"line":512,"column":71}},"512":{"start":{"line":513,"column":0},"end":{"line":513,"column":34}},"513":{"start":{"line":514,"column":0},"end":{"line":514,"column":42}},"514":{"start":{"line":515,"column":0},"end":{"line":515,"column":47}},"515":{"start":{"line":516,"column":0},"end":{"line":516,"column":65}},"516":{"start":{"line":517,"column":0},"end":{"line":517,"column":39}},"517":{"start":{"line":518,"column":0},"end":{"line":518,"column":55}},"518":{"start":{"line":519,"column":0},"end":{"line":519,"column":61}},"520":{"start":{"line":521,"column":0},"end":{"line":521,"column":53}},"521":{"start":{"line":522,"column":0},"end":{"line":522,"column":103}},"522":{"start":{"line":523,"column":0},"end":{"line":523,"column":30}},"524":{"start":{"line":525,"column":0},"end":{"line":525,"column":34}},"525":{"start":{"line":526,"column":0},"end":{"line":526,"column":30}},"526":{"start":{"line":527,"column":0},"end":{"line":527,"column":28}},"527":{"start":{"line":528,"column":0},"end":{"line":528,"column":26}},"528":{"start":{"line":529,"column":0},"end":{"line":529,"column":52}},"529":{"start":{"line":530,"column":0},"end":{"line":530,"column":66}},"531":{"start":{"line":532,"column":0},"end":{"line":532,"column":30}},"532":{"start":{"line":533,"column":0},"end":{"line":533,"column":49}},"533":{"start":{"line":534,"column":0},"end":{"line":534,"column":67}},"534":{"start":{"line":535,"column":0},"end":{"line":535,"column":71}},"535":{"start":{"line":536,"column":0},"end":{"line":536,"column":34}},"536":{"start":{"line":537,"column":0},"end":{"line":537,"column":42}},"537":{"start":{"line":538,"column":0},"end":{"line":538,"column":43}},"538":{"start":{"line":539,"column":0},"end":{"line":539,"column":57}},"539":{"start":{"line":540,"column":0},"end":{"line":540,"column":39}},"540":{"start":{"line":541,"column":0},"end":{"line":541,"column":73}},"542":{"start":{"line":543,"column":0},"end":{"line":543,"column":53}},"543":{"start":{"line":544,"column":0},"end":{"line":544,"column":103}},"544":{"start":{"line":545,"column":0},"end":{"line":545,"column":30}},"546":{"start":{"line":547,"column":0},"end":{"line":547,"column":34}},"547":{"start":{"line":548,"column":0},"end":{"line":548,"column":30}},"548":{"start":{"line":549,"column":0},"end":{"line":549,"column":67}},"549":{"start":{"line":550,"column":0},"end":{"line":550,"column":71}},"550":{"start":{"line":551,"column":0},"end":{"line":551,"column":34}},"551":{"start":{"line":552,"column":0},"end":{"line":552,"column":42}},"552":{"start":{"line":553,"column":0},"end":{"line":553,"column":43}},"553":{"start":{"line":554,"column":0},"end":{"line":554,"column":57}},"554":{"start":{"line":555,"column":0},"end":{"line":555,"column":39}},"555":{"start":{"line":556,"column":0},"end":{"line":556,"column":73}},"557":{"start":{"line":558,"column":0},"end":{"line":558,"column":53}},"558":{"start":{"line":559,"column":0},"end":{"line":559,"column":103}},"559":{"start":{"line":560,"column":0},"end":{"line":560,"column":30}},"561":{"start":{"line":562,"column":0},"end":{"line":562,"column":34}},"562":{"start":{"line":563,"column":0},"end":{"line":563,"column":30}},"563":{"start":{"line":564,"column":0},"end":{"line":564,"column":67}},"564":{"start":{"line":565,"column":0},"end":{"line":565,"column":71}},"565":{"start":{"line":566,"column":0},"end":{"line":566,"column":34}},"566":{"start":{"line":567,"column":0},"end":{"line":567,"column":42}},"567":{"start":{"line":568,"column":0},"end":{"line":568,"column":43}},"568":{"start":{"line":569,"column":0},"end":{"line":569,"column":57}},"569":{"start":{"line":570,"column":0},"end":{"line":570,"column":39}},"570":{"start":{"line":571,"column":0},"end":{"line":571,"column":73}},"572":{"start":{"line":573,"column":0},"end":{"line":573,"column":53}},"573":{"start":{"line":574,"column":0},"end":{"line":574,"column":103}},"574":{"start":{"line":575,"column":0},"end":{"line":575,"column":30}},"576":{"start":{"line":577,"column":0},"end":{"line":577,"column":34}},"577":{"start":{"line":578,"column":0},"end":{"line":578,"column":30}},"578":{"start":{"line":579,"column":0},"end":{"line":579,"column":67}},"579":{"start":{"line":580,"column":0},"end":{"line":580,"column":71}},"580":{"start":{"line":581,"column":0},"end":{"line":581,"column":34}},"581":{"start":{"line":582,"column":0},"end":{"line":582,"column":42}},"582":{"start":{"line":583,"column":0},"end":{"line":583,"column":43}},"583":{"start":{"line":584,"column":0},"end":{"line":584,"column":57}},"584":{"start":{"line":585,"column":0},"end":{"line":585,"column":39}},"585":{"start":{"line":586,"column":0},"end":{"line":586,"column":73}},"587":{"start":{"line":588,"column":0},"end":{"line":588,"column":53}},"588":{"start":{"line":589,"column":0},"end":{"line":589,"column":103}},"589":{"start":{"line":590,"column":0},"end":{"line":590,"column":30}},"591":{"start":{"line":592,"column":0},"end":{"line":592,"column":34}},"592":{"start":{"line":593,"column":0},"end":{"line":593,"column":30}},"593":{"start":{"line":594,"column":0},"end":{"line":594,"column":67}},"594":{"start":{"line":595,"column":0},"end":{"line":595,"column":71}},"595":{"start":{"line":596,"column":0},"end":{"line":596,"column":34}},"596":{"start":{"line":597,"column":0},"end":{"line":597,"column":42}},"597":{"start":{"line":598,"column":0},"end":{"line":598,"column":43}},"598":{"start":{"line":599,"column":0},"end":{"line":599,"column":57}},"599":{"start":{"line":600,"column":0},"end":{"line":600,"column":39}},"600":{"start":{"line":601,"column":0},"end":{"line":601,"column":73}},"602":{"start":{"line":603,"column":0},"end":{"line":603,"column":53}},"603":{"start":{"line":604,"column":0},"end":{"line":604,"column":103}},"604":{"start":{"line":605,"column":0},"end":{"line":605,"column":30}},"606":{"start":{"line":607,"column":0},"end":{"line":607,"column":34}},"607":{"start":{"line":608,"column":0},"end":{"line":608,"column":30}},"608":{"start":{"line":609,"column":0},"end":{"line":609,"column":67}},"609":{"start":{"line":610,"column":0},"end":{"line":610,"column":71}},"610":{"start":{"line":611,"column":0},"end":{"line":611,"column":34}},"611":{"start":{"line":612,"column":0},"end":{"line":612,"column":42}},"612":{"start":{"line":613,"column":0},"end":{"line":613,"column":43}},"613":{"start":{"line":614,"column":0},"end":{"line":614,"column":62}},"614":{"start":{"line":615,"column":0},"end":{"line":615,"column":39}},"615":{"start":{"line":616,"column":0},"end":{"line":616,"column":78}},"617":{"start":{"line":618,"column":0},"end":{"line":618,"column":53}},"618":{"start":{"line":619,"column":0},"end":{"line":619,"column":103}},"619":{"start":{"line":620,"column":0},"end":{"line":620,"column":30}},"621":{"start":{"line":622,"column":0},"end":{"line":622,"column":34}},"622":{"start":{"line":623,"column":0},"end":{"line":623,"column":30}},"623":{"start":{"line":624,"column":0},"end":{"line":624,"column":28}},"624":{"start":{"line":625,"column":0},"end":{"line":625,"column":26}},"625":{"start":{"line":626,"column":0},"end":{"line":626,"column":52}},"626":{"start":{"line":627,"column":0},"end":{"line":627,"column":66}},"628":{"start":{"line":629,"column":0},"end":{"line":629,"column":30}},"629":{"start":{"line":630,"column":0},"end":{"line":630,"column":70}},"630":{"start":{"line":631,"column":0},"end":{"line":631,"column":69}},"631":{"start":{"line":632,"column":0},"end":{"line":632,"column":32}},"632":{"start":{"line":633,"column":0},"end":{"line":633,"column":43}},"633":{"start":{"line":634,"column":0},"end":{"line":634,"column":39}},"634":{"start":{"line":635,"column":0},"end":{"line":635,"column":45}},"635":{"start":{"line":636,"column":0},"end":{"line":636,"column":73}},"636":{"start":{"line":637,"column":0},"end":{"line":637,"column":51}},"637":{"start":{"line":638,"column":0},"end":{"line":638,"column":101}},"638":{"start":{"line":639,"column":0},"end":{"line":639,"column":28}},"640":{"start":{"line":641,"column":0},"end":{"line":641,"column":32}},"641":{"start":{"line":642,"column":0},"end":{"line":642,"column":69}},"642":{"start":{"line":643,"column":0},"end":{"line":643,"column":32}},"643":{"start":{"line":644,"column":0},"end":{"line":644,"column":43}},"644":{"start":{"line":645,"column":0},"end":{"line":645,"column":39}},"645":{"start":{"line":646,"column":0},"end":{"line":646,"column":44}},"646":{"start":{"line":647,"column":0},"end":{"line":647,"column":72}},"647":{"start":{"line":648,"column":0},"end":{"line":648,"column":51}},"648":{"start":{"line":649,"column":0},"end":{"line":649,"column":101}},"649":{"start":{"line":650,"column":0},"end":{"line":650,"column":28}},"651":{"start":{"line":652,"column":0},"end":{"line":652,"column":32}},"652":{"start":{"line":653,"column":0},"end":{"line":653,"column":69}},"653":{"start":{"line":654,"column":0},"end":{"line":654,"column":32}},"654":{"start":{"line":655,"column":0},"end":{"line":655,"column":43}},"655":{"start":{"line":656,"column":0},"end":{"line":656,"column":39}},"656":{"start":{"line":657,"column":0},"end":{"line":657,"column":43}},"657":{"start":{"line":658,"column":0},"end":{"line":658,"column":71}},"658":{"start":{"line":659,"column":0},"end":{"line":659,"column":51}},"659":{"start":{"line":660,"column":0},"end":{"line":660,"column":101}},"660":{"start":{"line":661,"column":0},"end":{"line":661,"column":28}},"662":{"start":{"line":663,"column":0},"end":{"line":663,"column":32}},"663":{"start":{"line":664,"column":0},"end":{"line":664,"column":69}},"664":{"start":{"line":665,"column":0},"end":{"line":665,"column":32}},"665":{"start":{"line":666,"column":0},"end":{"line":666,"column":43}},"666":{"start":{"line":667,"column":0},"end":{"line":667,"column":39}},"667":{"start":{"line":668,"column":0},"end":{"line":668,"column":44}},"668":{"start":{"line":669,"column":0},"end":{"line":669,"column":72}},"669":{"start":{"line":670,"column":0},"end":{"line":670,"column":51}},"670":{"start":{"line":671,"column":0},"end":{"line":671,"column":101}},"671":{"start":{"line":672,"column":0},"end":{"line":672,"column":28}},"673":{"start":{"line":674,"column":0},"end":{"line":674,"column":32}},"674":{"start":{"line":675,"column":0},"end":{"line":675,"column":69}},"675":{"start":{"line":676,"column":0},"end":{"line":676,"column":32}},"676":{"start":{"line":677,"column":0},"end":{"line":677,"column":43}},"677":{"start":{"line":678,"column":0},"end":{"line":678,"column":39}},"678":{"start":{"line":679,"column":0},"end":{"line":679,"column":54}},"679":{"start":{"line":680,"column":0},"end":{"line":680,"column":60}},"680":{"start":{"line":681,"column":0},"end":{"line":681,"column":50}},"681":{"start":{"line":682,"column":0},"end":{"line":682,"column":30}},"682":{"start":{"line":683,"column":0},"end":{"line":683,"column":51}},"683":{"start":{"line":684,"column":0},"end":{"line":684,"column":101}},"684":{"start":{"line":685,"column":0},"end":{"line":685,"column":28}},"686":{"start":{"line":687,"column":0},"end":{"line":687,"column":32}},"687":{"start":{"line":688,"column":0},"end":{"line":688,"column":69}},"688":{"start":{"line":689,"column":0},"end":{"line":689,"column":32}},"689":{"start":{"line":690,"column":0},"end":{"line":690,"column":43}},"690":{"start":{"line":691,"column":0},"end":{"line":691,"column":39}},"691":{"start":{"line":692,"column":0},"end":{"line":692,"column":43}},"692":{"start":{"line":693,"column":0},"end":{"line":693,"column":71}},"693":{"start":{"line":694,"column":0},"end":{"line":694,"column":51}},"694":{"start":{"line":695,"column":0},"end":{"line":695,"column":101}},"695":{"start":{"line":696,"column":0},"end":{"line":696,"column":28}},"697":{"start":{"line":698,"column":0},"end":{"line":698,"column":32}},"698":{"start":{"line":699,"column":0},"end":{"line":699,"column":69}},"699":{"start":{"line":700,"column":0},"end":{"line":700,"column":32}},"700":{"start":{"line":701,"column":0},"end":{"line":701,"column":43}},"701":{"start":{"line":702,"column":0},"end":{"line":702,"column":39}},"702":{"start":{"line":703,"column":0},"end":{"line":703,"column":44}},"703":{"start":{"line":704,"column":0},"end":{"line":704,"column":72}},"704":{"start":{"line":705,"column":0},"end":{"line":705,"column":51}},"705":{"start":{"line":706,"column":0},"end":{"line":706,"column":101}},"706":{"start":{"line":707,"column":0},"end":{"line":707,"column":28}},"708":{"start":{"line":709,"column":0},"end":{"line":709,"column":32}},"709":{"start":{"line":710,"column":0},"end":{"line":710,"column":69}},"710":{"start":{"line":711,"column":0},"end":{"line":711,"column":32}},"711":{"start":{"line":712,"column":0},"end":{"line":712,"column":43}},"712":{"start":{"line":713,"column":0},"end":{"line":713,"column":39}},"713":{"start":{"line":714,"column":0},"end":{"line":714,"column":42}},"714":{"start":{"line":715,"column":0},"end":{"line":715,"column":70}},"715":{"start":{"line":716,"column":0},"end":{"line":716,"column":51}},"716":{"start":{"line":717,"column":0},"end":{"line":717,"column":101}},"717":{"start":{"line":718,"column":0},"end":{"line":718,"column":28}},"719":{"start":{"line":720,"column":0},"end":{"line":720,"column":32}},"720":{"start":{"line":721,"column":0},"end":{"line":721,"column":69}},"721":{"start":{"line":722,"column":0},"end":{"line":722,"column":32}},"722":{"start":{"line":723,"column":0},"end":{"line":723,"column":43}},"723":{"start":{"line":724,"column":0},"end":{"line":724,"column":39}},"724":{"start":{"line":725,"column":0},"end":{"line":725,"column":44}},"725":{"start":{"line":726,"column":0},"end":{"line":726,"column":72}},"726":{"start":{"line":727,"column":0},"end":{"line":727,"column":51}},"727":{"start":{"line":728,"column":0},"end":{"line":728,"column":101}},"728":{"start":{"line":729,"column":0},"end":{"line":729,"column":28}},"730":{"start":{"line":731,"column":0},"end":{"line":731,"column":32}},"731":{"start":{"line":732,"column":0},"end":{"line":732,"column":69}},"732":{"start":{"line":733,"column":0},"end":{"line":733,"column":32}},"733":{"start":{"line":734,"column":0},"end":{"line":734,"column":43}},"734":{"start":{"line":735,"column":0},"end":{"line":735,"column":39}},"735":{"start":{"line":736,"column":0},"end":{"line":736,"column":41}},"736":{"start":{"line":737,"column":0},"end":{"line":737,"column":69}},"737":{"start":{"line":738,"column":0},"end":{"line":738,"column":51}},"738":{"start":{"line":739,"column":0},"end":{"line":739,"column":101}},"739":{"start":{"line":740,"column":0},"end":{"line":740,"column":28}},"741":{"start":{"line":742,"column":0},"end":{"line":742,"column":32}},"742":{"start":{"line":743,"column":0},"end":{"line":743,"column":28}},"743":{"start":{"line":744,"column":0},"end":{"line":744,"column":26}},"744":{"start":{"line":745,"column":0},"end":{"line":745,"column":52}},"745":{"start":{"line":746,"column":0},"end":{"line":746,"column":66}},"747":{"start":{"line":748,"column":0},"end":{"line":748,"column":30}},"748":{"start":{"line":749,"column":0},"end":{"line":749,"column":70}},"749":{"start":{"line":750,"column":0},"end":{"line":750,"column":69}},"750":{"start":{"line":751,"column":0},"end":{"line":751,"column":32}},"751":{"start":{"line":752,"column":0},"end":{"line":752,"column":43}},"752":{"start":{"line":753,"column":0},"end":{"line":753,"column":45}},"753":{"start":{"line":754,"column":0},"end":{"line":754,"column":52}},"754":{"start":{"line":755,"column":0},"end":{"line":755,"column":66}},"755":{"start":{"line":756,"column":0},"end":{"line":756,"column":48}},"756":{"start":{"line":757,"column":0},"end":{"line":757,"column":30}},"757":{"start":{"line":758,"column":0},"end":{"line":758,"column":51}},"758":{"start":{"line":759,"column":0},"end":{"line":759,"column":101}},"759":{"start":{"line":760,"column":0},"end":{"line":760,"column":28}},"761":{"start":{"line":762,"column":0},"end":{"line":762,"column":32}},"762":{"start":{"line":763,"column":0},"end":{"line":763,"column":69}},"763":{"start":{"line":764,"column":0},"end":{"line":764,"column":32}},"764":{"start":{"line":765,"column":0},"end":{"line":765,"column":43}},"765":{"start":{"line":766,"column":0},"end":{"line":766,"column":45}},"766":{"start":{"line":767,"column":0},"end":{"line":767,"column":43}},"767":{"start":{"line":768,"column":0},"end":{"line":768,"column":77}},"768":{"start":{"line":769,"column":0},"end":{"line":769,"column":51}},"769":{"start":{"line":770,"column":0},"end":{"line":770,"column":101}},"770":{"start":{"line":771,"column":0},"end":{"line":771,"column":28}},"772":{"start":{"line":773,"column":0},"end":{"line":773,"column":32}},"773":{"start":{"line":774,"column":0},"end":{"line":774,"column":69}},"774":{"start":{"line":775,"column":0},"end":{"line":775,"column":32}},"775":{"start":{"line":776,"column":0},"end":{"line":776,"column":43}},"776":{"start":{"line":777,"column":0},"end":{"line":777,"column":45}},"777":{"start":{"line":778,"column":0},"end":{"line":778,"column":56}},"778":{"start":{"line":779,"column":0},"end":{"line":779,"column":66}},"779":{"start":{"line":780,"column":0},"end":{"line":780,"column":52}},"780":{"start":{"line":781,"column":0},"end":{"line":781,"column":30}},"781":{"start":{"line":782,"column":0},"end":{"line":782,"column":51}},"782":{"start":{"line":783,"column":0},"end":{"line":783,"column":101}},"783":{"start":{"line":784,"column":0},"end":{"line":784,"column":28}},"785":{"start":{"line":786,"column":0},"end":{"line":786,"column":32}},"786":{"start":{"line":787,"column":0},"end":{"line":787,"column":69}},"787":{"start":{"line":788,"column":0},"end":{"line":788,"column":32}},"788":{"start":{"line":789,"column":0},"end":{"line":789,"column":43}},"789":{"start":{"line":790,"column":0},"end":{"line":790,"column":45}},"790":{"start":{"line":791,"column":0},"end":{"line":791,"column":56}},"791":{"start":{"line":792,"column":0},"end":{"line":792,"column":66}},"792":{"start":{"line":793,"column":0},"end":{"line":793,"column":52}},"793":{"start":{"line":794,"column":0},"end":{"line":794,"column":30}},"794":{"start":{"line":795,"column":0},"end":{"line":795,"column":51}},"795":{"start":{"line":796,"column":0},"end":{"line":796,"column":101}},"796":{"start":{"line":797,"column":0},"end":{"line":797,"column":28}},"798":{"start":{"line":799,"column":0},"end":{"line":799,"column":32}},"799":{"start":{"line":800,"column":0},"end":{"line":800,"column":69}},"800":{"start":{"line":801,"column":0},"end":{"line":801,"column":32}},"801":{"start":{"line":802,"column":0},"end":{"line":802,"column":43}},"802":{"start":{"line":803,"column":0},"end":{"line":803,"column":45}},"803":{"start":{"line":804,"column":0},"end":{"line":804,"column":61}},"804":{"start":{"line":805,"column":0},"end":{"line":805,"column":66}},"805":{"start":{"line":806,"column":0},"end":{"line":806,"column":57}},"806":{"start":{"line":807,"column":0},"end":{"line":807,"column":30}},"807":{"start":{"line":808,"column":0},"end":{"line":808,"column":51}},"808":{"start":{"line":809,"column":0},"end":{"line":809,"column":101}},"809":{"start":{"line":810,"column":0},"end":{"line":810,"column":28}},"811":{"start":{"line":812,"column":0},"end":{"line":812,"column":32}},"812":{"start":{"line":813,"column":0},"end":{"line":813,"column":69}},"813":{"start":{"line":814,"column":0},"end":{"line":814,"column":32}},"814":{"start":{"line":815,"column":0},"end":{"line":815,"column":43}},"815":{"start":{"line":816,"column":0},"end":{"line":816,"column":45}},"816":{"start":{"line":817,"column":0},"end":{"line":817,"column":49}},"817":{"start":{"line":818,"column":0},"end":{"line":818,"column":66}},"818":{"start":{"line":819,"column":0},"end":{"line":819,"column":45}},"819":{"start":{"line":820,"column":0},"end":{"line":820,"column":30}},"820":{"start":{"line":821,"column":0},"end":{"line":821,"column":51}},"821":{"start":{"line":822,"column":0},"end":{"line":822,"column":101}},"822":{"start":{"line":823,"column":0},"end":{"line":823,"column":28}},"824":{"start":{"line":825,"column":0},"end":{"line":825,"column":32}},"825":{"start":{"line":826,"column":0},"end":{"line":826,"column":28}},"826":{"start":{"line":827,"column":0},"end":{"line":827,"column":26}},"827":{"start":{"line":828,"column":0},"end":{"line":828,"column":52}},"828":{"start":{"line":829,"column":0},"end":{"line":829,"column":66}},"830":{"start":{"line":831,"column":0},"end":{"line":831,"column":30}},"831":{"start":{"line":832,"column":0},"end":{"line":832,"column":49}},"832":{"start":{"line":833,"column":0},"end":{"line":833,"column":67}},"833":{"start":{"line":834,"column":0},"end":{"line":834,"column":71}},"834":{"start":{"line":835,"column":0},"end":{"line":835,"column":34}},"835":{"start":{"line":836,"column":0},"end":{"line":836,"column":42}},"836":{"start":{"line":837,"column":0},"end":{"line":837,"column":47}},"837":{"start":{"line":838,"column":0},"end":{"line":838,"column":51}},"838":{"start":{"line":839,"column":0},"end":{"line":839,"column":79}},"839":{"start":{"line":840,"column":0},"end":{"line":840,"column":53}},"840":{"start":{"line":841,"column":0},"end":{"line":841,"column":103}},"841":{"start":{"line":842,"column":0},"end":{"line":842,"column":30}},"843":{"start":{"line":844,"column":0},"end":{"line":844,"column":34}},"844":{"start":{"line":845,"column":0},"end":{"line":845,"column":30}},"845":{"start":{"line":846,"column":0},"end":{"line":846,"column":67}},"846":{"start":{"line":847,"column":0},"end":{"line":847,"column":71}},"847":{"start":{"line":848,"column":0},"end":{"line":848,"column":34}},"848":{"start":{"line":849,"column":0},"end":{"line":849,"column":42}},"849":{"start":{"line":850,"column":0},"end":{"line":850,"column":47}},"850":{"start":{"line":851,"column":0},"end":{"line":851,"column":51}},"851":{"start":{"line":852,"column":0},"end":{"line":852,"column":79}},"852":{"start":{"line":853,"column":0},"end":{"line":853,"column":53}},"853":{"start":{"line":854,"column":0},"end":{"line":854,"column":103}},"854":{"start":{"line":855,"column":0},"end":{"line":855,"column":30}},"856":{"start":{"line":857,"column":0},"end":{"line":857,"column":34}},"857":{"start":{"line":858,"column":0},"end":{"line":858,"column":30}},"858":{"start":{"line":859,"column":0},"end":{"line":859,"column":67}},"859":{"start":{"line":860,"column":0},"end":{"line":860,"column":71}},"860":{"start":{"line":861,"column":0},"end":{"line":861,"column":34}},"861":{"start":{"line":862,"column":0},"end":{"line":862,"column":42}},"862":{"start":{"line":863,"column":0},"end":{"line":863,"column":47}},"863":{"start":{"line":864,"column":0},"end":{"line":864,"column":51}},"864":{"start":{"line":865,"column":0},"end":{"line":865,"column":79}},"865":{"start":{"line":866,"column":0},"end":{"line":866,"column":53}},"866":{"start":{"line":867,"column":0},"end":{"line":867,"column":103}},"867":{"start":{"line":868,"column":0},"end":{"line":868,"column":30}},"869":{"start":{"line":870,"column":0},"end":{"line":870,"column":34}},"870":{"start":{"line":871,"column":0},"end":{"line":871,"column":30}},"871":{"start":{"line":872,"column":0},"end":{"line":872,"column":67}},"872":{"start":{"line":873,"column":0},"end":{"line":873,"column":71}},"873":{"start":{"line":874,"column":0},"end":{"line":874,"column":34}},"874":{"start":{"line":875,"column":0},"end":{"line":875,"column":42}},"875":{"start":{"line":876,"column":0},"end":{"line":876,"column":47}},"876":{"start":{"line":877,"column":0},"end":{"line":877,"column":55}},"877":{"start":{"line":878,"column":0},"end":{"line":878,"column":39}},"878":{"start":{"line":879,"column":0},"end":{"line":879,"column":75}},"880":{"start":{"line":881,"column":0},"end":{"line":881,"column":53}},"881":{"start":{"line":882,"column":0},"end":{"line":882,"column":103}},"882":{"start":{"line":883,"column":0},"end":{"line":883,"column":30}},"884":{"start":{"line":885,"column":0},"end":{"line":885,"column":34}},"885":{"start":{"line":886,"column":0},"end":{"line":886,"column":30}},"886":{"start":{"line":887,"column":0},"end":{"line":887,"column":28}},"887":{"start":{"line":888,"column":0},"end":{"line":888,"column":26}},"888":{"start":{"line":889,"column":0},"end":{"line":889,"column":52}},"889":{"start":{"line":890,"column":0},"end":{"line":890,"column":66}},"891":{"start":{"line":892,"column":0},"end":{"line":892,"column":30}},"892":{"start":{"line":893,"column":0},"end":{"line":893,"column":49}},"893":{"start":{"line":894,"column":0},"end":{"line":894,"column":67}},"894":{"start":{"line":895,"column":0},"end":{"line":895,"column":71}},"895":{"start":{"line":896,"column":0},"end":{"line":896,"column":34}},"896":{"start":{"line":897,"column":0},"end":{"line":897,"column":42}},"897":{"start":{"line":898,"column":0},"end":{"line":898,"column":47}},"898":{"start":{"line":899,"column":0},"end":{"line":899,"column":53}},"899":{"start":{"line":900,"column":0},"end":{"line":900,"column":39}},"900":{"start":{"line":901,"column":0},"end":{"line":901,"column":73}},"902":{"start":{"line":903,"column":0},"end":{"line":903,"column":53}},"903":{"start":{"line":904,"column":0},"end":{"line":904,"column":103}},"904":{"start":{"line":905,"column":0},"end":{"line":905,"column":30}},"906":{"start":{"line":907,"column":0},"end":{"line":907,"column":34}},"907":{"start":{"line":908,"column":0},"end":{"line":908,"column":30}},"908":{"start":{"line":909,"column":0},"end":{"line":909,"column":67}},"909":{"start":{"line":910,"column":0},"end":{"line":910,"column":71}},"910":{"start":{"line":911,"column":0},"end":{"line":911,"column":34}},"911":{"start":{"line":912,"column":0},"end":{"line":912,"column":42}},"912":{"start":{"line":913,"column":0},"end":{"line":913,"column":47}},"913":{"start":{"line":914,"column":0},"end":{"line":914,"column":44}},"914":{"start":{"line":915,"column":0},"end":{"line":915,"column":72}},"915":{"start":{"line":916,"column":0},"end":{"line":916,"column":53}},"916":{"start":{"line":917,"column":0},"end":{"line":917,"column":103}},"917":{"start":{"line":918,"column":0},"end":{"line":918,"column":30}},"919":{"start":{"line":920,"column":0},"end":{"line":920,"column":34}},"920":{"start":{"line":921,"column":0},"end":{"line":921,"column":30}},"921":{"start":{"line":922,"column":0},"end":{"line":922,"column":67}},"922":{"start":{"line":923,"column":0},"end":{"line":923,"column":71}},"923":{"start":{"line":924,"column":0},"end":{"line":924,"column":34}},"924":{"start":{"line":925,"column":0},"end":{"line":925,"column":42}},"925":{"start":{"line":926,"column":0},"end":{"line":926,"column":47}},"926":{"start":{"line":927,"column":0},"end":{"line":927,"column":47}},"927":{"start":{"line":928,"column":0},"end":{"line":928,"column":75}},"928":{"start":{"line":929,"column":0},"end":{"line":929,"column":53}},"929":{"start":{"line":930,"column":0},"end":{"line":930,"column":103}},"930":{"start":{"line":931,"column":0},"end":{"line":931,"column":30}},"932":{"start":{"line":933,"column":0},"end":{"line":933,"column":34}},"933":{"start":{"line":934,"column":0},"end":{"line":934,"column":30}},"934":{"start":{"line":935,"column":0},"end":{"line":935,"column":28}},"935":{"start":{"line":936,"column":0},"end":{"line":936,"column":26}},"936":{"start":{"line":937,"column":0},"end":{"line":937,"column":52}},"937":{"start":{"line":938,"column":0},"end":{"line":938,"column":66}},"939":{"start":{"line":940,"column":0},"end":{"line":940,"column":30}},"940":{"start":{"line":941,"column":0},"end":{"line":941,"column":49}},"941":{"start":{"line":942,"column":0},"end":{"line":942,"column":67}},"942":{"start":{"line":943,"column":0},"end":{"line":943,"column":71}},"943":{"start":{"line":944,"column":0},"end":{"line":944,"column":34}},"944":{"start":{"line":945,"column":0},"end":{"line":945,"column":42}},"945":{"start":{"line":946,"column":0},"end":{"line":946,"column":52}},"946":{"start":{"line":947,"column":0},"end":{"line":947,"column":42}},"947":{"start":{"line":948,"column":0},"end":{"line":948,"column":75}},"948":{"start":{"line":949,"column":0},"end":{"line":949,"column":53}},"949":{"start":{"line":950,"column":0},"end":{"line":950,"column":103}},"950":{"start":{"line":951,"column":0},"end":{"line":951,"column":30}},"952":{"start":{"line":953,"column":0},"end":{"line":953,"column":34}},"953":{"start":{"line":954,"column":0},"end":{"line":954,"column":30}},"954":{"start":{"line":955,"column":0},"end":{"line":955,"column":67}},"955":{"start":{"line":956,"column":0},"end":{"line":956,"column":71}},"956":{"start":{"line":957,"column":0},"end":{"line":957,"column":34}},"957":{"start":{"line":958,"column":0},"end":{"line":958,"column":42}},"958":{"start":{"line":959,"column":0},"end":{"line":959,"column":52}},"959":{"start":{"line":960,"column":0},"end":{"line":960,"column":49}},"960":{"start":{"line":961,"column":0},"end":{"line":961,"column":39}},"961":{"start":{"line":962,"column":0},"end":{"line":962,"column":74}},"963":{"start":{"line":964,"column":0},"end":{"line":964,"column":53}},"964":{"start":{"line":965,"column":0},"end":{"line":965,"column":103}},"965":{"start":{"line":966,"column":0},"end":{"line":966,"column":30}},"967":{"start":{"line":968,"column":0},"end":{"line":968,"column":34}},"968":{"start":{"line":969,"column":0},"end":{"line":969,"column":30}},"969":{"start":{"line":970,"column":0},"end":{"line":970,"column":67}},"970":{"start":{"line":971,"column":0},"end":{"line":971,"column":71}},"971":{"start":{"line":972,"column":0},"end":{"line":972,"column":34}},"972":{"start":{"line":973,"column":0},"end":{"line":973,"column":42}},"973":{"start":{"line":974,"column":0},"end":{"line":974,"column":52}},"974":{"start":{"line":975,"column":0},"end":{"line":975,"column":51}},"975":{"start":{"line":976,"column":0},"end":{"line":976,"column":39}},"976":{"start":{"line":977,"column":0},"end":{"line":977,"column":76}},"978":{"start":{"line":979,"column":0},"end":{"line":979,"column":53}},"979":{"start":{"line":980,"column":0},"end":{"line":980,"column":103}},"980":{"start":{"line":981,"column":0},"end":{"line":981,"column":30}},"982":{"start":{"line":983,"column":0},"end":{"line":983,"column":34}},"983":{"start":{"line":984,"column":0},"end":{"line":984,"column":30}},"984":{"start":{"line":985,"column":0},"end":{"line":985,"column":28}},"985":{"start":{"line":986,"column":0},"end":{"line":986,"column":26}},"986":{"start":{"line":987,"column":0},"end":{"line":987,"column":52}},"987":{"start":{"line":988,"column":0},"end":{"line":988,"column":66}},"989":{"start":{"line":990,"column":0},"end":{"line":990,"column":30}},"990":{"start":{"line":991,"column":0},"end":{"line":991,"column":49}},"991":{"start":{"line":992,"column":0},"end":{"line":992,"column":67}},"992":{"start":{"line":993,"column":0},"end":{"line":993,"column":71}},"993":{"start":{"line":994,"column":0},"end":{"line":994,"column":34}},"994":{"start":{"line":995,"column":0},"end":{"line":995,"column":42}},"995":{"start":{"line":996,"column":0},"end":{"line":996,"column":49}},"996":{"start":{"line":997,"column":0},"end":{"line":997,"column":39}},"997":{"start":{"line":998,"column":0},"end":{"line":998,"column":69}},"998":{"start":{"line":999,"column":0},"end":{"line":999,"column":53}},"999":{"start":{"line":1000,"column":0},"end":{"line":1000,"column":103}},"1000":{"start":{"line":1001,"column":0},"end":{"line":1001,"column":30}},"1002":{"start":{"line":1003,"column":0},"end":{"line":1003,"column":34}},"1003":{"start":{"line":1004,"column":0},"end":{"line":1004,"column":30}},"1004":{"start":{"line":1005,"column":0},"end":{"line":1005,"column":67}},"1005":{"start":{"line":1006,"column":0},"end":{"line":1006,"column":71}},"1006":{"start":{"line":1007,"column":0},"end":{"line":1007,"column":34}},"1007":{"start":{"line":1008,"column":0},"end":{"line":1008,"column":42}},"1008":{"start":{"line":1009,"column":0},"end":{"line":1009,"column":49}},"1009":{"start":{"line":1010,"column":0},"end":{"line":1010,"column":39}},"1010":{"start":{"line":1011,"column":0},"end":{"line":1011,"column":69}},"1011":{"start":{"line":1012,"column":0},"end":{"line":1012,"column":53}},"1012":{"start":{"line":1013,"column":0},"end":{"line":1013,"column":103}},"1013":{"start":{"line":1014,"column":0},"end":{"line":1014,"column":30}},"1015":{"start":{"line":1016,"column":0},"end":{"line":1016,"column":34}},"1016":{"start":{"line":1017,"column":0},"end":{"line":1017,"column":30}},"1017":{"start":{"line":1018,"column":0},"end":{"line":1018,"column":67}},"1018":{"start":{"line":1019,"column":0},"end":{"line":1019,"column":71}},"1019":{"start":{"line":1020,"column":0},"end":{"line":1020,"column":34}},"1020":{"start":{"line":1021,"column":0},"end":{"line":1021,"column":42}},"1021":{"start":{"line":1022,"column":0},"end":{"line":1022,"column":49}},"1022":{"start":{"line":1023,"column":0},"end":{"line":1023,"column":39}},"1023":{"start":{"line":1024,"column":0},"end":{"line":1024,"column":69}},"1024":{"start":{"line":1025,"column":0},"end":{"line":1025,"column":53}},"1025":{"start":{"line":1026,"column":0},"end":{"line":1026,"column":103}},"1026":{"start":{"line":1027,"column":0},"end":{"line":1027,"column":30}},"1028":{"start":{"line":1029,"column":0},"end":{"line":1029,"column":34}},"1029":{"start":{"line":1030,"column":0},"end":{"line":1030,"column":30}},"1030":{"start":{"line":1031,"column":0},"end":{"line":1031,"column":67}},"1031":{"start":{"line":1032,"column":0},"end":{"line":1032,"column":71}},"1032":{"start":{"line":1033,"column":0},"end":{"line":1033,"column":34}},"1033":{"start":{"line":1034,"column":0},"end":{"line":1034,"column":42}},"1034":{"start":{"line":1035,"column":0},"end":{"line":1035,"column":49}},"1035":{"start":{"line":1036,"column":0},"end":{"line":1036,"column":39}},"1036":{"start":{"line":1037,"column":0},"end":{"line":1037,"column":69}},"1037":{"start":{"line":1038,"column":0},"end":{"line":1038,"column":53}},"1038":{"start":{"line":1039,"column":0},"end":{"line":1039,"column":103}},"1039":{"start":{"line":1040,"column":0},"end":{"line":1040,"column":30}},"1041":{"start":{"line":1042,"column":0},"end":{"line":1042,"column":34}},"1042":{"start":{"line":1043,"column":0},"end":{"line":1043,"column":30}},"1043":{"start":{"line":1044,"column":0},"end":{"line":1044,"column":67}},"1044":{"start":{"line":1045,"column":0},"end":{"line":1045,"column":71}},"1045":{"start":{"line":1046,"column":0},"end":{"line":1046,"column":34}},"1046":{"start":{"line":1047,"column":0},"end":{"line":1047,"column":42}},"1047":{"start":{"line":1048,"column":0},"end":{"line":1048,"column":49}},"1048":{"start":{"line":1049,"column":0},"end":{"line":1049,"column":39}},"1049":{"start":{"line":1050,"column":0},"end":{"line":1050,"column":69}},"1050":{"start":{"line":1051,"column":0},"end":{"line":1051,"column":53}},"1051":{"start":{"line":1052,"column":0},"end":{"line":1052,"column":103}},"1052":{"start":{"line":1053,"column":0},"end":{"line":1053,"column":30}},"1054":{"start":{"line":1055,"column":0},"end":{"line":1055,"column":34}},"1055":{"start":{"line":1056,"column":0},"end":{"line":1056,"column":30}},"1056":{"start":{"line":1057,"column":0},"end":{"line":1057,"column":28}},"1057":{"start":{"line":1058,"column":0},"end":{"line":1058,"column":26}},"1058":{"start":{"line":1059,"column":0},"end":{"line":1059,"column":52}},"1059":{"start":{"line":1060,"column":0},"end":{"line":1060,"column":66}},"1061":{"start":{"line":1062,"column":0},"end":{"line":1062,"column":30}},"1062":{"start":{"line":1063,"column":0},"end":{"line":1063,"column":49}},"1063":{"start":{"line":1064,"column":0},"end":{"line":1064,"column":67}},"1064":{"start":{"line":1065,"column":0},"end":{"line":1065,"column":71}},"1065":{"start":{"line":1066,"column":0},"end":{"line":1066,"column":34}},"1066":{"start":{"line":1067,"column":0},"end":{"line":1067,"column":42}},"1067":{"start":{"line":1068,"column":0},"end":{"line":1068,"column":57}},"1068":{"start":{"line":1069,"column":0},"end":{"line":1069,"column":81}},"1069":{"start":{"line":1070,"column":0},"end":{"line":1070,"column":39}},"1070":{"start":{"line":1071,"column":0},"end":{"line":1071,"column":65}},"1071":{"start":{"line":1072,"column":0},"end":{"line":1072,"column":77}},"1073":{"start":{"line":1074,"column":0},"end":{"line":1074,"column":53}},"1074":{"start":{"line":1075,"column":0},"end":{"line":1075,"column":103}},"1075":{"start":{"line":1076,"column":0},"end":{"line":1076,"column":30}},"1077":{"start":{"line":1078,"column":0},"end":{"line":1078,"column":34}},"1078":{"start":{"line":1079,"column":0},"end":{"line":1079,"column":30}},"1079":{"start":{"line":1080,"column":0},"end":{"line":1080,"column":67}},"1080":{"start":{"line":1081,"column":0},"end":{"line":1081,"column":71}},"1081":{"start":{"line":1082,"column":0},"end":{"line":1082,"column":34}},"1082":{"start":{"line":1083,"column":0},"end":{"line":1083,"column":42}},"1083":{"start":{"line":1084,"column":0},"end":{"line":1084,"column":57}},"1084":{"start":{"line":1085,"column":0},"end":{"line":1085,"column":73}},"1085":{"start":{"line":1086,"column":0},"end":{"line":1086,"column":39}},"1086":{"start":{"line":1087,"column":0},"end":{"line":1087,"column":65}},"1087":{"start":{"line":1088,"column":0},"end":{"line":1088,"column":69}},"1089":{"start":{"line":1090,"column":0},"end":{"line":1090,"column":53}},"1090":{"start":{"line":1091,"column":0},"end":{"line":1091,"column":103}},"1091":{"start":{"line":1092,"column":0},"end":{"line":1092,"column":30}},"1093":{"start":{"line":1094,"column":0},"end":{"line":1094,"column":34}},"1094":{"start":{"line":1095,"column":0},"end":{"line":1095,"column":30}},"1095":{"start":{"line":1096,"column":0},"end":{"line":1096,"column":67}},"1096":{"start":{"line":1097,"column":0},"end":{"line":1097,"column":71}},"1097":{"start":{"line":1098,"column":0},"end":{"line":1098,"column":34}},"1098":{"start":{"line":1099,"column":0},"end":{"line":1099,"column":42}},"1099":{"start":{"line":1100,"column":0},"end":{"line":1100,"column":57}},"1100":{"start":{"line":1101,"column":0},"end":{"line":1101,"column":94}},"1101":{"start":{"line":1102,"col
[...]
,"C:\\Users\\Wey\\Documents\\GitHub\\Project1\\my-react-app\\src\\TuningForm.jsx": {"path":"C:\\Users\\Wey\\Documents\\GitHub\\Project1\\my-react-app\\src\\TuningForm.jsx","all":true,"statementMap":{"0":{"start":{"line":1,"column":0},"end":{"line":1,"column":51}},"1":{"start":{"line":2,"column":0},"end":{"line":2,"column":45}},"2":{"start":{"line":3,"column":0},"end":{"line":3,"column":48}},"3":{"start":{"line":4,"column":0},"end":{"line":4,"column":35}},"4":{"start":{"line":5,"column":0},"end":{"line":5,"column":45}},"5":{"start":{"line":6,"column":0},"end":{"line":6,"column":48}},"6":{"start":{"line":7,"column":0},"end":{"line":7,"column":17}},"7":{"start":{"line":8,"column":0},"end":{"line":8,"column":24}},"8":{"start":{"line":9,"column":0},"end":{"line":9,"column":23}},"9":{"start":{"line":10,"column":0},"end":{"line":10,"column":5}},"10":{"start":{"line":11,"column":0},"end":{"line":11,"column":43}},"11":{"start":{"line":12,"column":0},"end":{"line":12,"column":65}},"13":{"start":{"line":14,"column":0},"end":{"line":14,"column":19}},"14":{"start":{"line":15,"column":0},"end":{"line":15,"column":32}},"15":{"start":{"line":16,"column":0},"end":{"line":16,"column":42}},"16":{"start":{"line":17,"column":0},"end":{"line":17,"column":49}},"17":{"start":{"line":18,"column":0},"end":{"line":18,"column":74}},"18":{"start":{"line":19,"column":0},"end":{"line":19,"column":9}},"20":{"start":{"line":21,"column":0},"end":{"line":21,"column":31}},"21":{"start":{"line":22,"column":0},"end":{"line":22,"column":37}},"22":{"start":{"line":23,"column":0},"end":{"line":23,"column":34}},"23":{"start":{"line":24,"column":0},"end":{"line":24,"column":18}},"24":{"start":{"line":25,"column":0},"end":{"line":25,"column":20}},"25":{"start":{"line":26,"column":0},"end":{"line":26,"column":8}},"26":{"start":{"line":27,"column":0},"end":{"line":27,"column":4}},"48":{"start":{"line":49,"column":0},"end":{"line":49,"column":37}},"49":{"start":{"line":50,"column":0},"end":{"line":50,"column":23}},"50":{"start":{"line":51,"column":0},"end":{"line":51,"column":19}},"51":{"start":{"line":52,"column":0},"end":{"line":52,"column":20}},"52":{"start":{"line":53,"column":0},"end":{"line":53,"column":44}},"53":{"start":{"line":54,"column":0},"end":{"line":54,"column":75}},"54":{"start":{"line":55,"column":0},"end":{"line":55,"column":52}},"55":{"start":{"line":56,"column":0},"end":{"line":56,"column":27}},"56":{"start":{"line":57,"column":0},"end":{"line":57,"column":42}},"57":{"start":{"line":58,"column":0},"end":{"line":58,"column":13}},"58":{"start":{"line":59,"column":0},"end":{"line":59,"column":5}},"59":{"start":{"line":60,"column":0},"end":{"line":60,"column":63}},"60":{"start":{"line":61,"column":0},"end":{"line":61,"column":56}},"61":{"start":{"line":62,"column":0},"end":{"line":62,"column":66}},"62":{"start":{"line":63,"column":0},"end":{"line":63,"column":55}},"63":{"start":{"line":64,"column":0},"end":{"line":64,"column":12}},"64":{"start":{"line":65,"column":0},"end":{"line":65,"column":3}},"65":{"start":{"line":66,"column":0},"end":{"line":66,"column":54}},"66":{"start":{"line":67,"column":0},"end":{"line":67,"column":69}},"67":{"start":{"line":68,"column":0},"end":{"line":68,"column":67}},"69":{"start":{"line":70,"column":0},"end":{"line":70,"column":9}},"70":{"start":{"line":71,"column":0},"end":{"line":71,"column":61}},"71":{"start":{"line":72,"column":0},"end":{"line":72,"column":23}},"72":{"start":{"line":73,"column":0},"end":{"line":73,"column":23}},"73":{"start":{"line":74,"column":0},"end":{"line":74,"column":9}},"75":{"start":{"line":76,"column":0},"end":{"line":76,"column":25}},"76":{"start":{"line":77,"column":0},"end":{"line":77,"column":48}},"77":{"start":{"line":78,"column":0},"end":{"line":78,"column":64}},"78":{"start":{"line":79,"column":0},"end":{"line":79,"column":7}},"80":{"start":{"line":81,"column":0},"end":{"line":81,"column":43}},"81":{"start":{"line":82,"column":0},"end":{"line":82,"column":94}},"82":{"start":{"line":83,"column":0},"end":{"line":83,"column":24}},"83":{"start":{"line":84,"column":0},"end":{"line":84,"column":21}},"84":{"start":{"line":85,"column":0},"end":{"line":85,"column":19}},"85":{"start":{"line":86,"column":0},"end":{"line":86,"column":22}},"86":{"start":{"line":87,"column":0},"end":{"line":87,"column":54}},"87":{"start":{"line":88,"column":0},"end":{"line":88,"column":28}},"88":{"start":{"line":89,"column":0},"end":{"line":89,"column":5}},"89":{"start":{"line":90,"column":0},"end":{"line":90,"column":4}},"91":{"start":{"line":92,"column":0},"end":{"line":92,"column":10}},"92":{"start":{"line":93,"column":0},"end":{"line":93,"column":43}},"93":{"start":{"line":94,"column":0},"end":{"line":94,"column":11}},"94":{"start":{"line":95,"column":0},"end":{"line":95,"column":31}},"95":{"start":{"line":96,"column":0},"end":{"line":96,"column":96}},"97":{"start":{"line":98,"column":0},"end":{"line":98,"column":75}},"98":{"start":{"line":99,"column":0},"end":{"line":99,"column":30}},"99":{"start":{"line":100,"column":0},"end":{"line":100,"column":71}},"100":{"start":{"line":101,"column":0},"end":{"line":101,"column":16}},"101":{"start":{"line":102,"column":0},"end":{"line":102,"column":25}},"102":{"start":{"line":103,"column":0},"end":{"line":103,"column":27}},"103":{"start":{"line":104,"column":0},"end":{"line":104,"column":39}},"104":{"start":{"line":105,"column":0},"end":{"line":105,"column":35}},"105":{"start":{"line":106,"column":0},"end":{"line":106,"column":79}},"106":{"start":{"line":107,"column":0},"end":{"line":107,"column":12}},"107":{"start":{"line":108,"column":0},"end":{"line":108,"column":14}},"108":{"start":{"line":109,"column":0},"end":{"line":109,"column":30}},"109":{"start":{"line":110,"column":0},"end":{"line":110,"column":79}},"110":{"start":{"line":111,"column":0},"end":{"line":111,"column":16}},"111":{"start":{"line":112,"column":0},"end":{"line":112,"column":25}},"112":{"start":{"line":113,"column":0},"end":{"line":113,"column":34}},"113":{"start":{"line":114,"column":0},"end":{"line":114,"column":46}},"114":{"start":{"line":115,"column":0},"end":{"line":115,"column":35}},"115":{"start":{"line":116,"column":0},"end":{"line":116,"column":79}},"116":{"start":{"line":117,"column":0},"end":{"line":117,"column":12}},"117":{"start":{"line":118,"column":0},"end":{"line":118,"column":14}},"118":{"start":{"line":119,"column":0},"end":{"line":119,"column":30}},"119":{"start":{"line":120,"column":0},"end":{"line":120,"column":78}},"120":{"start":{"line":121,"column":0},"end":{"line":121,"column":16}},"121":{"start":{"line":122,"column":0},"end":{"line":122,"column":25}},"122":{"start":{"line":123,"column":0},"end":{"line":123,"column":33}},"123":{"start":{"line":124,"column":0},"end":{"line":124,"column":45}},"124":{"start":{"line":125,"column":0},"end":{"line":125,"column":35}},"125":{"start":{"line":126,"column":0},"end":{"line":126,"column":79}},"126":{"start":{"line":127,"column":0},"end":{"line":127,"column":12}},"127":{"start":{"line":128,"column":0},"end":{"line":128,"column":14}},"128":{"start":{"line":129,"column":0},"end":{"line":129,"column":13}},"129":{"start":{"line":130,"column":0},"end":{"line":130,"column":58}},"130":{"start":{"line":131,"column":0},"end":{"line":131,"column":55}},"131":{"start":{"line":132,"column":0},"end":{"line":132,"column":60}},"132":{"start":{"line":133,"column":0},"end":{"line":133,"column":49}},"133":{"start":{"line":134,"column":0},"end":{"line":134,"column":52}},"134":{"start":{"line":135,"column":0},"end":{"line":135,"column":25}},"135":{"start":{"line":136,"column":0},"end":{"line":136,"column":23}},"136":{"start":{"line":137,"column":0},"end":{"line":137,"column":15}},"137":{"start":{"line":138,"column":0},"end":{"line":138,"column":19}},"138":{"start":{"line":139,"column":0},"end":{"line":139,"column":14}},"139":{"start":{"line":140,"column":0},"end":{"line":140,"column":76}},"140":{"start":{"line":141,"column":0},"end":{"line":141,"column":20}},"141":{"start":{"line":142,"column":0},"end":{"line":142,"column":47}},"142":{"start":{"line":143,"column":0},"end":{"line":143,"column":103}},"143":{"start":{"line":144,"column":0},"end":{"line":144,"column":16}},"145":{"start":{"line":146,"column":0},"end":{"line":146,"column":15}},"146":{"start":{"line":147,"column":0},"end":{"line":147,"column":23}},"147":{"start":{"line":148,"column":0},"end":{"line":148,"column":102}},"148":{"start":{"line":149,"column":0},"end":{"line":149,"column":9}},"150":{"start":{"line":151,"column":0},"end":{"line":151,"column":17}},"151":{"start":{"line":152,"column":0},"end":{"line":152,"column":13}},"152":{"start":{"line":153,"column":0},"end":{"line":153,"column":10}},"154":{"start":{"line":155,"column":0},"end":{"line":155,"column":1}},"156":{"start":{"line":157,"column":0},"end":{"line":157,"column":26}}},"s":{"0":0,"1":0,"2":0,"3":0,"4":0,"5":0,"6":0,"7":0,"8":0,"9":0,"10":0,"11":0,"13":0,"14":0,"15":0,"16":0,"17":0,"18":0,"20":0,"21":0,"22":0,"23":0,"24":0,"25":0,"26":0,"48":0,"49":0,"50":0,"51":0,"52":0,"53":0,"54":0,"55":0,"56":0,"57":0,"58":0,"59":0,"60":0,"61":0,"62":0,"63":0,"64":0,"65":0,"66":0,"67":0,"69":0,"70":0,"71":0,"72":0,"73":0,"75":0,"76":0,"77":0,"78":0,"80":0,"81":0,"82":0,"83":0,"84":0,"85":0,"86":0,"87":0,"88":0,"89":0,"91":0,"92":0,"93":0,"94":0,"95":0,"97":0,"98":0,"99":0,"100":0,"101":0,"102":0,"103":0,"104":0,"105":0,"106":0,"107":0,"108":0,"109":0,"110":0,"111":0,"112":0,"113":0,"114":0,"115":0,"116":0,"117":0,"118":0,"119":0,"120":0,"121":0,"122":0,"123":0,"124":0,"125":0,"126":0,"127":0,"128":0,"129":0,"130":0,"131":0,"132":0,"133":0,"134":0,"135":0,"136":0,"137":0,"138":0,"139":0,"140":0,"141":0,"142":0,"143":0,"145":0,"146":0,"147":0,"148":0,"150":0,"151":0,"152":0,"154":0,"156":0},"branchMap":{"0":{"type":"branch","line":1,"loc":{"start":{"line":1,"column":0},"end":{"line":157,"column":-1689}},"locations":[{"start":{"line":1,"column":0},"end":{"line":157,"column":-1689}}]}},"b":{"0":[0]},"fnMap":{"0":{"name":"(empty-report)","decl":{"start":{"line":1,"column":0},"end":{"line":157,"column":-1689}},"loc":{"start":{"line":1,"column":0},"end":{"line":157,"column":-1689}},"line":1}},"f":{"0":0}}
,"C:\\Users\\Wey\\Documents\\GitHub\\Project1\\my-react-app\\src\\main.jsx": {"path":"C:\\Users\\Wey\\Documents\\GitHub\\Project1\\my-react-app\\src\\main.jsx","all":true,"statementMap":{"0":{"start":{"line":1,"column":0},"end":{"line":1,"column":26}},"1":{"start":{"line":2,"column":0},"end":{"line":2,"column":40}},"2":{"start":{"line":3,"column":0},"end":{"line":3,"column":24}},"3":{"start":{"line":4,"column":0},"end":{"line":4,"column":27}},"4":{"start":{"line":5,"column":0},"end":{"line":5,"column":32}},"6":{"start":{"line":7,"column":0},"end":{"line":7,"column":30}},"7":{"start":{"line":8,"column":0},"end":{"line":8,"column":60}},"8":{"start":{"line":9,"column":0},"end":{"line":9,"column":20}},"9":{"start":{"line":10,"column":0},"end":{"line":10,"column":11}},"10":{"start":{"line":11,"column":0},"end":{"line":11,"column":21}},"11":{"start":{"line":12,"column":0},"end":{"line":12,"column":2}}},"s":{"0":0,"1":0,"2":0,"3":0,"4":0,"6":0,"7":0,"8":0,"9":0,"10":0,"11":0},"branchMap":{"0":{"type":"branch","line":1,"loc":{"start":{"line":1,"column":354},"end":{"line":12,"column":2}},"locations":[{"start":{"line":1,"column":354},"end":{"line":12,"column":2}}]}},"b":{"0":[0]},"fnMap":{"0":{"name":"(empty-report)","decl":{"start":{"line":1,"column":354},"end":{"line":12,"column":2}},"loc":{"start":{"line":1,"column":354},"end":{"line":12,"column":2}},"line":1}},"f":{"0":0}}
,"C:\\Users\\Wey\\Documents\\GitHub\\Project1\\my-react-app\\src\\components\\SmartphonePrediction.jsx": {"path":"C:\\Users\\Wey\\Documents\\GitHub\\Project1\\my-react-app\\src\\components\\SmartphonePrediction.jsx","all":false,"statementMap":{"0":{"start":{"line":1,"column":0},"end":{"line":1,"column":26}},"2":{"start":{"line":3,"column":0},"end":{"line":3,"column":71}},"3":{"start":{"line":4,"column":0},"end":{"line":4,"column":24}},"4":{"start":{"line":5,"column":0},"end":{"line":5,"column":8}},"5":{"start":{"line":6,"column":0},"end":{"line":6,"column":20}},"6":{"start":{"line":7,"column":0},"end":{"line":7,"column":52}},"7":{"start":{"line":8,"column":0},"end":{"line":8,"column":33}},"8":{"start":{"line":9,"column":0},"end":{"line":9,"column":6}},"9":{"start":{"line":10,"column":0},"end":{"line":10,"column":8}},"10":{"start":{"line":11,"column":0},"end":{"line":11,"column":22}},"11":{"start":{"line":12,"column":0},"end":{"line":12,"column":56}},"12":{"start":{"line":13,"column":0},"end":{"line":13,"column":35}},"13":{"start":{"line":14,"column":0},"end":{"line":14,"column":6}},"14":{"start":{"line":15,"column":0},"end":{"line":15,"column":8}},"15":{"start":{"line":16,"column":0},"end":{"line":16,"column":20}},"16":{"start":{"line":17,"column":0},"end":{"line":17,"column":52}},"17":{"start":{"line":18,"column":0},"end":{"line":18,"column":33}},"18":{"start":{"line":19,"column":0},"end":{"line":19,"column":6}},"19":{"start":{"line":20,"column":0},"end":{"line":20,"column":8}},"20":{"start":{"line":21,"column":0},"end":{"line":21,"column":19}},"21":{"start":{"line":22,"column":0},"end":{"line":22,"column":63}},"22":{"start":{"line":23,"column":0},"end":{"line":23,"column":32}},"23":{"start":{"line":24,"column":0},"end":{"line":24,"column":6}},"24":{"start":{"line":25,"column":0},"end":{"line":25,"column":8}},"25":{"start":{"line":26,"column":0},"end":{"line":26,"column":21}},"26":{"start":{"line":27,"column":0},"end":{"line":27,"column":70}},"27":{"start":{"line":28,"column":0},"end":{"line":28,"column":34}},"28":{"start":{"line":29,"column":0},"end":{"line":29,"column":6}},"29":{"start":{"line":30,"column":0},"end":{"line":30,"column":8}},"30":{"start":{"line":31,"column":0},"end":{"line":31,"column":19}},"31":{"start":{"line":32,"column":0},"end":{"line":32,"column":57}},"32":{"start":{"line":33,"column":0},"end":{"line":33,"column":32}},"33":{"start":{"line":34,"column":0},"end":{"line":34,"column":6}},"34":{"start":{"line":35,"column":0},"end":{"line":35,"column":8}},"35":{"start":{"line":36,"column":0},"end":{"line":36,"column":20}},"36":{"start":{"line":37,"column":0},"end":{"line":37,"column":52}},"37":{"start":{"line":38,"column":0},"end":{"line":38,"column":33}},"38":{"start":{"line":39,"column":0},"end":{"line":39,"column":6}},"39":{"start":{"line":40,"column":0},"end":{"line":40,"column":8}},"40":{"start":{"line":41,"column":0},"end":{"line":41,"column":22}},"41":{"start":{"line":42,"column":0},"end":{"line":42,"column":56}},"42":{"start":{"line":43,"column":0},"end":{"line":43,"column":35}},"43":{"start":{"line":44,"column":0},"end":{"line":44,"column":6}},"44":{"start":{"line":45,"column":0},"end":{"line":45,"column":8}},"45":{"start":{"line":46,"column":0},"end":{"line":46,"column":20}},"46":{"start":{"line":47,"column":0},"end":{"line":47,"column":52}},"47":{"start":{"line":48,"column":0},"end":{"line":48,"column":33}},"48":{"start":{"line":49,"column":0},"end":{"line":49,"column":6}},"49":{"start":{"line":50,"column":0},"end":{"line":50,"column":8}},"50":{"start":{"line":51,"column":0},"end":{"line":51,"column":21}},"51":{"start":{"line":52,"column":0},"end":{"line":52,"column":66}},"52":{"start":{"line":53,"column":0},"end":{"line":53,"column":34}},"53":{"start":{"line":54,"column":0},"end":{"line":54,"column":6}},"54":{"start":{"line":55,"column":0},"end":{"line":55,"column":9}},"55":{"start":{"line":56,"column":0},"end":{"line":56,"column":20}},"56":{"start":{"line":57,"column":0},"end":{"line":57,"column":52}},"57":{"start":{"line":58,"column":0},"end":{"line":58,"column":33}},"58":{"start":{"line":59,"column":0},"end":{"line":59,"column":6}},"59":{"start":{"line":60,"column":0},"end":{"line":60,"column":9}},"60":{"start":{"line":61,"column":0},"end":{"line":61,"column":20}},"61":{"start":{"line":62,"column":0},"end":{"line":62,"column":52}},"62":{"start":{"line":63,"column":0},"end":{"line":63,"column":33}},"63":{"start":{"line":64,"column":0},"end":{"line":64,"column":6}},"64":{"start":{"line":65,"column":0},"end":{"line":65,"column":9}},"65":{"start":{"line":66,"column":0},"end":{"line":66,"column":22}},"66":{"start":{"line":67,"column":0},"end":{"line":67,"column":75}},"67":{"start":{"line":68,"column":0},"end":{"line":68,"column":35}},"68":{"start":{"line":69,"column":0},"end":{"line":69,"column":6}},"69":{"start":{"line":70,"column":0},"end":{"line":70,"column":4}},"71":{"start":{"line":72,"column":0},"end":{"line":72,"column":10}},"72":{"start":{"line":73,"column":0},"end":{"line":73,"column":68}},"73":{"start":{"line":74,"column":0},"end":{"line":74,"column":79}},"75":{"start":{"line":76,"column":0},"end":{"line":76,"column":11}},"76":{"start":{"line":77,"column":0},"end":{"line":77,"column":30}},"77":{"start":{"line":78,"column":0},"end":{"line":78,"column":13}},"78":{"start":{"line":79,"column":0},"end":{"line":79,"column":13}},"79":{"start":{"line":80,"column":0},"end":{"line":80,"column":51}},"80":{"start":{"line":81,"column":0},"end":{"line":81,"column":78}},"81":{"start":{"line":82,"column":0},"end":{"line":82,"column":14}},"82":{"start":{"line":83,"column":0},"end":{"line":83,"column":55}},"83":{"start":{"line":84,"column":0},"end":{"line":84,"column":14}},"84":{"start":{"line":85,"column":0},"end":{"line":85,"column":48}},"85":{"start":{"line":86,"column":0},"end":{"line":86,"column":47}},"86":{"start":{"line":87,"column":0},"end":{"line":87,"column":28}},"87":{"start":{"line":88,"column":0},"end":{"line":88,"column":12}},"88":{"start":{"line":89,"column":0},"end":{"line":89,"column":14}},"90":{"start":{"line":91,"column":0},"end":{"line":91,"column":35}},"92":{"start":{"line":93,"column":0},"end":{"line":93,"column":13}},"93":{"start":{"line":94,"column":0},"end":{"line":94,"column":37}},"94":{"start":{"line":95,"column":0},"end":{"line":95,"column":93}},"95":{"start":{"line":96,"column":0},"end":{"line":96,"column":7}},"97":{"start":{"line":98,"column":0},"end":{"line":98,"column":15}},"98":{"start":{"line":99,"column":0},"end":{"line":99,"column":10}},"100":{"start":{"line":101,"column":0},"end":{"line":101,"column":2}},"102":{"start":{"line":103,"column":0},"end":{"line":103,"column":36}}},"s":{"0":1,"2":1,"3":1,"4":1,"5":1,"6":1,"7":1,"8":1,"9":1,"10":1,"11":1,"12":1,"13":1,"14":1,"15":1,"16":1,"17":1,"18":1,"19":1,"20":1,"21":1,"22":1,"23":1,"24":1,"25":1,"26":1,"27":1,"28":1,"29":1,"30":1,"31":1,"32":1,"33":1,"34":1,"35":1,"36":1,"37":1,"38":1,"39":1,"40":1,"41":1,"42":1,"43":1,"44":1,"45":1,"46":1,"47":1,"48":1,"49":1,"50":1,"51":1,"52":1,"53":1,"54":1,"55":1,"56":1,"57":1,"58":1,"59":1,"60":1,"61":1,"62":1,"63":1,"64":1,"65":1,"66":1,"67":1,"68":1,"69":1,"71":1,"72":1,"73":1,"75":1,"76":1,"77":1,"78":1,"79":1,"80":1,"81":1,"82":1,"83":1,"84":1,"85":1,"86":1,"87":1,"88":1,"90":0,"92":1,"93":1,"94":1,"95":1,"97":1,"98":1,"100":1,"102":1},"branchMap":{"0":{"type":"branch","line":3,"loc":{"start":{"line":3,"column":29},"end":{"line":101,"column":2}},"locations":[{"start":{"line":3,"column":29},"end":{"line":101,"column":2}}]},"1":{"type":"branch","line":89,"loc":{"start":{"line":89,"column":8},"end":{"line":91,"column":35}},"locations":[{"start":{"line":89,"column":8},"end":{"line":91,"column":35}}]}},"b":{"0":[1],"1":[0]},"fnMap":{"0":{"name":"SmartphonePrediction","decl":{"start":{"line":3,"column":29},"end":{"line":101,"column":2}},"loc":{"start":{"line":3,"column":29},"end":{"line":101,"column":2}},"line":3}},"f":{"0":1}}
}
